/*C3*/SET SCHEMA PUBLIC
DELETE FROM VIEWCOUNTENTRY WHERE COMPANYID=20097 AND CLASSNAMEID=38248 AND CLASSPK=38601
INSERT INTO VIEWCOUNTENTRY VALUES(20097,38248,38601,131)
COMMIT
DELETE FROM VIEWCOUNTENTRY WHERE COMPANYID=20097 AND CLASSNAMEID=38248 AND CLASSPK=38601
INSERT INTO VIEWCOUNTENTRY VALUES(20097,38248,38601,132)
COMMIT
DELETE FROM VIEWCOUNTENTRY WHERE COMPANYID=20097 AND CLASSNAMEID=38248 AND CLASSPK=38601
INSERT INTO VIEWCOUNTENTRY VALUES(20097,38248,38601,133)
COMMIT
DELETE FROM VIEWCOUNTENTRY WHERE COMPANYID=20097 AND CLASSNAMEID=38248 AND CLASSPK=38601
INSERT INTO VIEWCOUNTENTRY VALUES(20097,38248,38601,134)
COMMIT
DELETE FROM VIEWCOUNTENTRY WHERE COMPANYID=20097 AND CLASSNAMEID=38248 AND CLASSPK=38601
INSERT INTO VIEWCOUNTENTRY VALUES(20097,38248,38601,135)
COMMIT
DELETE FROM VIEWCOUNTENTRY WHERE COMPANYID=20097 AND CLASSNAMEID=38248 AND CLASSPK=38601
INSERT INTO VIEWCOUNTENTRY VALUES(20097,38248,38601,136)
COMMIT
DELETE FROM VIEWCOUNTENTRY WHERE COMPANYID=20097 AND CLASSNAMEID=38248 AND CLASSPK=38601
INSERT INTO VIEWCOUNTENTRY VALUES(20097,38248,38601,137)
COMMIT
/*C11*/SET SCHEMA PUBLIC
DISCONNECT
/*C10*/SET SCHEMA PUBLIC
DISCONNECT
/*C9*/SET SCHEMA PUBLIC
DISCONNECT
/*C8*/SET SCHEMA PUBLIC
DISCONNECT
/*C7*/SET SCHEMA PUBLIC
DISCONNECT
/*C6*/SET SCHEMA PUBLIC
DISCONNECT
/*C21*/SET SCHEMA PUBLIC
DISCONNECT
/*C20*/SET SCHEMA PUBLIC
DISCONNECT
/*C19*/SET SCHEMA PUBLIC
DISCONNECT
/*C18*/SET SCHEMA PUBLIC
DISCONNECT
/*C17*/SET SCHEMA PUBLIC
DISCONNECT
/*C16*/SET SCHEMA PUBLIC
DISCONNECT
/*C15*/SET SCHEMA PUBLIC
DISCONNECT
/*C14*/SET SCHEMA PUBLIC
DISCONNECT
/*C13*/SET SCHEMA PUBLIC
DISCONNECT
/*C12*/SET SCHEMA PUBLIC
DISCONNECT
/*C3*/DELETE FROM VIEWCOUNTENTRY WHERE COMPANYID=20097 AND CLASSNAMEID=38248 AND CLASSPK=38601
INSERT INTO VIEWCOUNTENTRY VALUES(20097,38248,38601,138)
COMMIT
DELETE FROM VIEWCOUNTENTRY WHERE COMPANYID=20097 AND CLASSNAMEID=38248 AND CLASSPK=38601
INSERT INTO VIEWCOUNTENTRY VALUES(20097,38248,38601,139)
COMMIT
/*C22*/SET SCHEMA PUBLIC
DISCONNECT
/*C3*/DELETE FROM VIEWCOUNTENTRY WHERE COMPANYID=20097 AND CLASSNAMEID=38248 AND CLASSPK=38601
INSERT INTO VIEWCOUNTENTRY VALUES(20097,38248,38601,140)
COMMIT
DELETE FROM VIEWCOUNTENTRY WHERE COMPANYID=20097 AND CLASSNAMEID=38248 AND CLASSPK=38601
INSERT INTO VIEWCOUNTENTRY VALUES(20097,38248,38601,141)
COMMIT
DELETE FROM VIEWCOUNTENTRY WHERE COMPANYID=20097 AND CLASSNAMEID=38248 AND CLASSPK=38601
INSERT INTO VIEWCOUNTENTRY VALUES(20097,38248,38601,142)
COMMIT
DELETE FROM VIEWCOUNTENTRY WHERE COMPANYID=20097 AND CLASSNAMEID=38248 AND CLASSPK=38601
INSERT INTO VIEWCOUNTENTRY VALUES(20097,38248,38601,143)
COMMIT
/*C28*/SET SCHEMA PUBLIC
DISCONNECT
/*C27*/SET SCHEMA PUBLIC
DISCONNECT
/*C26*/SET SCHEMA PUBLIC
DISCONNECT
/*C25*/SET SCHEMA PUBLIC
DISCONNECT
/*C24*/SET SCHEMA PUBLIC
DISCONNECT
/*C23*/SET SCHEMA PUBLIC
DISCONNECT
/*C38*/SET SCHEMA PUBLIC
DISCONNECT
/*C37*/SET SCHEMA PUBLIC
DISCONNECT
/*C36*/SET SCHEMA PUBLIC
DISCONNECT
/*C35*/SET SCHEMA PUBLIC
DISCONNECT
/*C34*/SET SCHEMA PUBLIC
DISCONNECT
/*C33*/SET SCHEMA PUBLIC
DISCONNECT
/*C32*/SET SCHEMA PUBLIC
DISCONNECT
/*C31*/SET SCHEMA PUBLIC
DISCONNECT
/*C30*/SET SCHEMA PUBLIC
DISCONNECT
/*C29*/SET SCHEMA PUBLIC
DISCONNECT
/*C39*/SET SCHEMA PUBLIC
DISCONNECT
/*C3*/DELETE FROM USER_ WHERE USERID=20125 AND CTCOLLECTIONID=0
INSERT INTO USER_ VALUES(26,0,'b3ace8a7-59c1-46ba-83c0-e513a4cfa612',NULL,20125,20097,'2021-06-11 02:04:15.502000','2022-06-09 06:49:22.894000','0',20127,'{PBKDF2WITHHMACSHA1}AAAAoAAB9ACo1ilUmlq4g4KyAoMWj/kFddxgQlHOhRhTOLHc','1','0','2022-05-26 12:41:38.371000','8fcc20c09bbbf35bbbd39279dc8d3c20,cb5a4717aebb64e292084268eabf11ec,ad67c99524182a1f27f7247df4506602','what-is-your-father''s-middle-name','test',0,'test','test@liferay.com',0,NULL,-1,NULL,0,'en_US','UTC','Welcome Test Test!',NULL,'Test',NULL,'Test',NULL,'2022-06-09 06:49:22.768000','127.0.0.1','2022-06-08 16:43:34.222000','127.0.0.1',NULL,0,'0',NULL,'1','1',0)
COMMIT
DELETE FROM VIEWCOUNTENTRY WHERE COMPANYID=20097 AND CLASSNAMEID=38248 AND CLASSPK=38601
INSERT INTO VIEWCOUNTENTRY VALUES(20097,38248,38601,144)
COMMIT
DELETE FROM VIEWCOUNTENTRY WHERE COMPANYID=20097 AND CLASSNAMEID=38248 AND CLASSPK=38601
INSERT INTO VIEWCOUNTENTRY VALUES(20097,38248,38601,145)
COMMIT
DELETE FROM VIEWCOUNTENTRY WHERE COMPANYID=20097 AND CLASSNAMEID=38248 AND CLASSPK=38601
INSERT INTO VIEWCOUNTENTRY VALUES(20097,38248,38601,146)
COMMIT
DELETE FROM VIEWCOUNTENTRY WHERE COMPANYID=20097 AND CLASSNAMEID=38248 AND CLASSPK=38601
INSERT INTO VIEWCOUNTENTRY VALUES(20097,38248,38601,147)
COMMIT
DELETE FROM VIEWCOUNTENTRY WHERE COMPANYID=20097 AND CLASSNAMEID=38248 AND CLASSPK=38601
INSERT INTO VIEWCOUNTENTRY VALUES(20097,38248,38601,148)
COMMIT
/*C46*/SET SCHEMA PUBLIC
DELETE FROM COUNTER WHERE NAME='com.liferay.portal.kernel.model.ListType'
INSERT INTO COUNTER VALUES('com.liferay.portal.kernel.model.ListType',500)
COMMIT
DELETE FROM COUNTER WHERE NAME='com.liferay.counter.kernel.model.Counter'
INSERT INTO COUNTER VALUES('com.liferay.counter.kernel.model.Counter',39600)
COMMIT
/*C45*/SET SCHEMA PUBLIC
DISCONNECT
/*C44*/SET SCHEMA PUBLIC
DISCONNECT
/*C43*/SET SCHEMA PUBLIC
DISCONNECT
/*C42*/SET SCHEMA PUBLIC
DISCONNECT
/*C41*/SET SCHEMA PUBLIC
DISCONNECT
/*C40*/SET SCHEMA PUBLIC
DISCONNECT
/*C55*/SET SCHEMA PUBLIC
DISCONNECT
/*C54*/SET SCHEMA PUBLIC
DISCONNECT
/*C53*/SET SCHEMA PUBLIC
DISCONNECT
/*C52*/SET SCHEMA PUBLIC
DISCONNECT
/*C51*/SET SCHEMA PUBLIC
DISCONNECT
/*C50*/SET SCHEMA PUBLIC
DISCONNECT
/*C49*/SET SCHEMA PUBLIC
DISCONNECT
/*C48*/SET SCHEMA PUBLIC
DISCONNECT
/*C47*/SET SCHEMA PUBLIC
DISCONNECT
/*C46*/DELETE FROM COUNTER WHERE NAME='com.liferay.portal.kernel.model.LayoutSet'
INSERT INTO COUNTER VALUES('com.liferay.portal.kernel.model.LayoutSet',1000)
COMMIT
DELETE FROM COUNTER WHERE NAME='com.liferay.portal.kernel.model.ResourcePermission'
INSERT INTO COUNTER VALUES('com.liferay.portal.kernel.model.ResourcePermission',3000)
COMMIT
/*C4*/SET SCHEMA PUBLIC
INSERT INTO AUDIT_AUDITEVENT VALUES(39504,20097,20125,'Test Test','2022-06-09 06:57:42.883000','ADD','com.liferay.portal.kernel.model.User','39502',NULL,'127.0.0.1','127.0.0.1','localhost',8080,'44105BDF5719BDE8E57695DECFF07546','{"emailAddress":"luka.jerman@mail.com","screenName":"luka_jerman","userName":"Luka Jerman","userId":"39502"}')
INSERT INTO LISTTYPE VALUES(0,402,'luka','com.liferay.portal.kernel.model.Contact.prefix')
INSERT INTO USER_ VALUES(0,0,'55174f7d-3fb7-785b-f349-19cc53d7f33a',NULL,39502,20097,'2022-06-09 06:57:42.903000','2022-06-09 06:57:42.903000','0',39503,NULL,'1','1',NULL,'521439e82a198da85a952da52ef14b64,0e61a0eee06e078073ada8d5e6bfbee9,cac591359faf8fbb837022a52003be07',NULL,NULL,0,'luka_jerman','luka.jerman@mail.com',0,NULL,-1,NULL,0,'en_US','UTC','Welcome Luka Jerman!',NULL,'Luka',NULL,'Jerman','none',NULL,NULL,NULL,NULL,NULL,0,'0',NULL,'0','0',2)
INSERT INTO CONTACT_ VALUES(0,39503,20097,20125,'Test Test','2022-06-09 06:57:42.905000','2022-06-09 06:57:42.905000',20009,39502,20100,0,'luka.jerman@mail.com','Luka',NULL,'Jerman',402,0,'1','2022-05-24 00:00:00.000000',NULL,NULL,NULL,NULL,NULL,NULL,NULL,'none',NULL,NULL)
INSERT INTO GROUP_ VALUES(0,0,'6bde8582-f99c-e914-df5d-c49db347003b',39505,20097,39502,20009,39502,0,0,'/39505/','39502',NULL,NULL,0,'','1',0,'/luka_jerman','0',0,'0','1')
INSERT INTO LAYOUTSET VALUES(0,0,901,39505,20097,'2022-06-09 06:57:42.916000','2022-06-09 06:57:42.916000','1',0,'classic_WAR_classictheme','01','','',NULL,'0')
INSERT INTO LAYOUTSET VALUES(0,0,902,39505,20097,'2022-06-09 06:57:42.932000','2022-06-09 06:57:42.932000','0',0,'classic_WAR_classictheme','01','','',NULL,'0')
INSERT INTO RESOURCEPERMISSION VALUES(0,0,2901,20097,'com.liferay.portal.kernel.model.Group',4,'39505',39505,20107,0,33554431,'1')
INSERT INTO USERS_ROLES VALUES(20097,20109,39502,0,NULL)
INSERT INTO AUDIT_AUDITEVENT VALUES(39507,20097,20125,'Test Test','2022-06-09 06:57:43.901000','UPDATE','com.liferay.portal.kernel.model.User','39502',NULL,'127.0.0.1','127.0.0.1','localhost',8080,'44105BDF5719BDE8E57695DECFF07546','{"attributes":[{"newValue":"","name":"password","oldValue":""}]}')
INSERT INTO AUDIT_AUDITEVENT VALUES(39508,20097,20125,'Test Test','2022-06-09 06:57:43.907000','UPDATE','com.liferay.portal.kernel.model.User','39502',NULL,NULL,NULL,'localhost',8080,'44105BDF5719BDE8E57695DECFF07546','{"attributes":[{"newValue":"true","name":"active","oldValue":"false"}]}')
INSERT INTO RESOURCEPERMISSION VALUES(0,0,2902,20097,'com.liferay.portal.kernel.model.User',4,'39502',39502,20107,20125,31,'1')
INSERT INTO ASSETENTRY VALUES(0,0,39506,20123,20097,20125,'Test Test','2022-06-09 06:57:42.903000','2022-06-09 06:57:42.903000',20009,39502,'55174f7d-3fb7-785b-f349-19cc53d7f33a',0,'1','0',NULL,NULL,NULL,NULL,NULL,'Luka Jerman','','',NULL,NULL,0,0,0.0E0)
DELETE FROM USER_ WHERE USERID=39502 AND CTCOLLECTIONID=0
INSERT INTO USER_ VALUES(1,0,'55174f7d-3fb7-785b-f349-19cc53d7f33a',NULL,39502,20097,'2022-06-09 06:57:42.903000','2022-06-09 06:57:43.908000','0',39503,'{PBKDF2WITHHMACSHA1}AAAAoAAB9AB5bM16b8H/+vNFR2Edox6Na5vMazA/zgxZ07D8','1','1','2022-06-09 06:57:43.899000','521439e82a198da85a952da52ef14b64,0e61a0eee06e078073ada8d5e6bfbee9,cac591359faf8fbb837022a52003be07',NULL,NULL,0,'luka_jerman','luka.jerman@mail.com',0,NULL,-1,NULL,0,'en_US','UTC','Welcome Luka Jerman!',NULL,'Luka',NULL,'Jerman','none',NULL,NULL,NULL,NULL,NULL,0,'0',NULL,'0','0',0)
COMMIT
/*C56*/SET SCHEMA PUBLIC
DISCONNECT
/*C3*/DELETE FROM VIEWCOUNTENTRY WHERE COMPANYID=20097 AND CLASSNAMEID=38248 AND CLASSPK=38601
INSERT INTO VIEWCOUNTENTRY VALUES(20097,38248,38601,149)
COMMIT
/*C62*/SET SCHEMA PUBLIC
DISCONNECT
/*C61*/SET SCHEMA PUBLIC
DISCONNECT
/*C60*/SET SCHEMA PUBLIC
DISCONNECT
/*C59*/SET SCHEMA PUBLIC
DISCONNECT
/*C71*/SET SCHEMA PUBLIC
DISCONNECT
/*C70*/SET SCHEMA PUBLIC
DISCONNECT
/*C69*/SET SCHEMA PUBLIC
DISCONNECT
/*C68*/SET SCHEMA PUBLIC
DISCONNECT
/*C67*/SET SCHEMA PUBLIC
DISCONNECT
/*C66*/SET SCHEMA PUBLIC
DISCONNECT
/*C65*/SET SCHEMA PUBLIC
DISCONNECT
/*C64*/SET SCHEMA PUBLIC
DISCONNECT
/*C63*/SET SCHEMA PUBLIC
DISCONNECT
/*C46*/DISCONNECT
/*C72*/SET SCHEMA PUBLIC
DISCONNECT
/*C3*/DELETE FROM VIEWCOUNTENTRY WHERE COMPANYID=20097 AND CLASSNAMEID=38248 AND CLASSPK=38601
INSERT INTO VIEWCOUNTENTRY VALUES(20097,38248,38601,150)
COMMIT
DELETE FROM VIEWCOUNTENTRY WHERE COMPANYID=20097 AND CLASSNAMEID=38248 AND CLASSPK=38601
INSERT INTO VIEWCOUNTENTRY VALUES(20097,38248,38601,151)
COMMIT
/*C76*/SET SCHEMA PUBLIC
DISCONNECT
/*C75*/SET SCHEMA PUBLIC
DISCONNECT
/*C74*/SET SCHEMA PUBLIC
DISCONNECT
/*C73*/SET SCHEMA PUBLIC
DISCONNECT
/*C85*/SET SCHEMA PUBLIC
DISCONNECT
/*C84*/SET SCHEMA PUBLIC
DISCONNECT
/*C83*/SET SCHEMA PUBLIC
DISCONNECT
/*C82*/SET SCHEMA PUBLIC
DISCONNECT
/*C81*/SET SCHEMA PUBLIC
DISCONNECT
/*C80*/SET SCHEMA PUBLIC
DISCONNECT
/*C79*/SET SCHEMA PUBLIC
DISCONNECT
/*C78*/SET SCHEMA PUBLIC
DISCONNECT
/*C77*/SET SCHEMA PUBLIC
DISCONNECT
/*C86*/SET SCHEMA PUBLIC
DISCONNECT
/*C3*/DELETE FROM VIEWCOUNTENTRY WHERE COMPANYID=20097 AND CLASSNAMEID=38248 AND CLASSPK=38601
INSERT INTO VIEWCOUNTENTRY VALUES(20097,38248,38601,152)
COMMIT
/*C57*/SET SCHEMA PUBLIC
DELETE FROM VIEWCOUNTENTRY WHERE COMPANYID=20097 AND CLASSNAMEID=38248 AND CLASSPK=38601
INSERT INTO VIEWCOUNTENTRY VALUES(20097,38248,38601,153)
COMMIT
/*C87*/SET SCHEMA PUBLIC
DISCONNECT
/*C3*/DELETE FROM VIEWCOUNTENTRY WHERE COMPANYID=20097 AND CLASSNAMEID=38248 AND CLASSPK=38601
INSERT INTO VIEWCOUNTENTRY VALUES(20097,38248,38601,154)
COMMIT
/*C91*/SET SCHEMA PUBLIC
DISCONNECT
/*C90*/SET SCHEMA PUBLIC
DISCONNECT
/*C89*/SET SCHEMA PUBLIC
DISCONNECT
/*C88*/SET SCHEMA PUBLIC
DISCONNECT
/*C100*/SET SCHEMA PUBLIC
DISCONNECT
/*C99*/SET SCHEMA PUBLIC
DISCONNECT
/*C98*/SET SCHEMA PUBLIC
DISCONNECT
/*C97*/SET SCHEMA PUBLIC
DISCONNECT
/*C96*/SET SCHEMA PUBLIC
DISCONNECT
/*C95*/SET SCHEMA PUBLIC
DISCONNECT
/*C94*/SET SCHEMA PUBLIC
DISCONNECT
/*C93*/SET SCHEMA PUBLIC
DISCONNECT
/*C92*/SET SCHEMA PUBLIC
DISCONNECT
/*C101*/SET SCHEMA PUBLIC
DISCONNECT
/*C102*/SET SCHEMA PUBLIC
DISCONNECT
/*C58*/SET SCHEMA PUBLIC
DISCONNECT
/*C106*/SET SCHEMA PUBLIC
DISCONNECT
/*C105*/SET SCHEMA PUBLIC
DISCONNECT
/*C104*/SET SCHEMA PUBLIC
DISCONNECT
/*C103*/SET SCHEMA PUBLIC
DISCONNECT
/*C115*/SET SCHEMA PUBLIC
DISCONNECT
/*C114*/SET SCHEMA PUBLIC
DISCONNECT
/*C113*/SET SCHEMA PUBLIC
DISCONNECT
/*C112*/SET SCHEMA PUBLIC
DISCONNECT
/*C111*/SET SCHEMA PUBLIC
DISCONNECT
/*C110*/SET SCHEMA PUBLIC
DISCONNECT
/*C109*/SET SCHEMA PUBLIC
DISCONNECT
/*C108*/SET SCHEMA PUBLIC
DISCONNECT
/*C107*/SET SCHEMA PUBLIC
DISCONNECT
/*C116*/SET SCHEMA PUBLIC
DISCONNECT
/*C117*/SET SCHEMA PUBLIC
DISCONNECT
/*C57*/DISCONNECT
/*C118*/SET SCHEMA PUBLIC
DISCONNECT
/*C122*/SET SCHEMA PUBLIC
DISCONNECT
/*C121*/SET SCHEMA PUBLIC
DISCONNECT
/*C120*/SET SCHEMA PUBLIC
DISCONNECT
/*C119*/SET SCHEMA PUBLIC
DISCONNECT
/*C131*/SET SCHEMA PUBLIC
DISCONNECT
/*C130*/SET SCHEMA PUBLIC
DISCONNECT
/*C129*/SET SCHEMA PUBLIC
DISCONNECT
/*C128*/SET SCHEMA PUBLIC
DISCONNECT
/*C127*/SET SCHEMA PUBLIC
DISCONNECT
/*C126*/SET SCHEMA PUBLIC
DISCONNECT
/*C125*/SET SCHEMA PUBLIC
DISCONNECT
/*C124*/SET SCHEMA PUBLIC
DISCONNECT
/*C123*/SET SCHEMA PUBLIC
DISCONNECT
/*C5*/SET SCHEMA PUBLIC
DELETE FROM VIEWCOUNTENTRY WHERE COMPANYID=20097 AND CLASSNAMEID=38248 AND CLASSPK=38601
INSERT INTO VIEWCOUNTENTRY VALUES(20097,38248,38601,155)
COMMIT
/*C132*/SET SCHEMA PUBLIC
DISCONNECT
/*C133*/SET SCHEMA PUBLIC
DISCONNECT
/*C134*/SET SCHEMA PUBLIC
DISCONNECT
/*C135*/SET SCHEMA PUBLIC
DISCONNECT
/*C139*/SET SCHEMA PUBLIC
DISCONNECT
/*C138*/SET SCHEMA PUBLIC
DISCONNECT
/*C137*/SET SCHEMA PUBLIC
DISCONNECT
/*C136*/SET SCHEMA PUBLIC
DISCONNECT
/*C148*/SET SCHEMA PUBLIC
DISCONNECT
/*C147*/SET SCHEMA PUBLIC
DISCONNECT
/*C146*/SET SCHEMA PUBLIC
DISCONNECT
/*C145*/SET SCHEMA PUBLIC
DISCONNECT
/*C144*/SET SCHEMA PUBLIC
DISCONNECT
/*C143*/SET SCHEMA PUBLIC
DISCONNECT
/*C142*/SET SCHEMA PUBLIC
DISCONNECT
/*C141*/SET SCHEMA PUBLIC
DISCONNECT
/*C140*/SET SCHEMA PUBLIC
DISCONNECT
/*C4*/DELETE FROM VIEWCOUNTENTRY WHERE COMPANYID=20097 AND CLASSNAMEID=38248 AND CLASSPK=38601
INSERT INTO VIEWCOUNTENTRY VALUES(20097,38248,38601,156)
COMMIT
/*C3*/DELETE FROM VIEWCOUNTENTRY WHERE COMPANYID=20097 AND CLASSNAMEID=38248 AND CLASSPK=38601
INSERT INTO VIEWCOUNTENTRY VALUES(20097,38248,38601,157)
COMMIT
/*C149*/SET SCHEMA PUBLIC
DISCONNECT
/*C150*/SET SCHEMA PUBLIC
DISCONNECT
/*C3*/DELETE FROM VIEWCOUNTENTRY WHERE COMPANYID=20097 AND CLASSNAMEID=38248 AND CLASSPK=38601
INSERT INTO VIEWCOUNTENTRY VALUES(20097,38248,38601,158)
COMMIT
/*C4*/DELETE FROM VIEWCOUNTENTRY WHERE COMPANYID=20097 AND CLASSNAMEID=38248 AND CLASSPK=38601
INSERT INTO VIEWCOUNTENTRY VALUES(20097,38248,38601,159)
COMMIT
/*C151*/SET SCHEMA PUBLIC
DISCONNECT
/*C152*/SET SCHEMA PUBLIC
DISCONNECT
/*C4*/DELETE FROM VIEWCOUNTENTRY WHERE COMPANYID=20097 AND CLASSNAMEID=38248 AND CLASSPK=38601
INSERT INTO VIEWCOUNTENTRY VALUES(20097,38248,38601,160)
COMMIT
DELETE FROM VIEWCOUNTENTRY WHERE COMPANYID=20097 AND CLASSNAMEID=38248 AND CLASSPK=38601
INSERT INTO VIEWCOUNTENTRY VALUES(20097,38248,38601,161)
COMMIT
/*C156*/SET SCHEMA PUBLIC
DISCONNECT
/*C155*/SET SCHEMA PUBLIC
DISCONNECT
/*C154*/SET SCHEMA PUBLIC
DISCONNECT
/*C153*/SET SCHEMA PUBLIC
DISCONNECT
/*C165*/SET SCHEMA PUBLIC
DISCONNECT
/*C164*/SET SCHEMA PUBLIC
DISCONNECT
/*C163*/SET SCHEMA PUBLIC
DISCONNECT
/*C162*/SET SCHEMA PUBLIC
DISCONNECT
/*C161*/SET SCHEMA PUBLIC
DISCONNECT
/*C160*/SET SCHEMA PUBLIC
DISCONNECT
/*C159*/SET SCHEMA PUBLIC
DISCONNECT
/*C158*/SET SCHEMA PUBLIC
DISCONNECT
/*C157*/SET SCHEMA PUBLIC
DISCONNECT
/*C166*/SET SCHEMA PUBLIC
DISCONNECT
/*C4*/DELETE FROM VIEWCOUNTENTRY WHERE COMPANYID=20097 AND CLASSNAMEID=38248 AND CLASSPK=38601
INSERT INTO VIEWCOUNTENTRY VALUES(20097,38248,38601,162)
COMMIT
/*C167*/SET SCHEMA PUBLIC
DISCONNECT
/*C168*/SET SCHEMA PUBLIC
DISCONNECT
/*C169*/SET SCHEMA PUBLIC
DISCONNECT
