2022-06-09 06:25:03.018 INFO  [main][PortalContextLoaderListener:139] JVM arguments: -Dcatalina.base=C:\liferay\liferay-ce-portal-7.3.7-ga8\tomcat-9.0.43 -Dcatalina.home=C:\liferay\liferay-ce-portal-7.3.7-ga8\tomcat-9.0.43 -Dfile.encoding=UTF8 -Djava.io.tmpdir=C:\liferay\liferay-ce-portal-7.3.7-ga8\tomcat-9.0.43\temp -Djava.net.preferIPv4Stack=true -Djava.util.logging.config.file=C:\liferay\liferay-ce-portal-7.3.7-ga8\tomcat-9.0.43\conf\logging.properties -Djava.util.logging.manager=org.apache.juli.ClassLoaderLogManager -Dorg.apache.catalina.loader.WebappClassLoader.ENABLE_CLEAR_REFERENCES=false -Duser.timezone=GMT -Xmx2560m -javaagent:C:\Programske datoteke\JetBrains\IntelliJ IDEA 2021.3.2\lib\idea_rt.jar=59767:C:\Programske datoteke\JetBrains\IntelliJ IDEA 2021.3.2\bin
2022-06-09 06:26:22.351 WARN  [main][DialectDetector:99] Liferay is configured to use Hypersonic as its database. Do NOT use Hypersonic in production. Hypersonic is an embedded database useful for development and demonstration purposes. The database settings can be changed in portal-ext.properties.
2022-06-09 06:26:22.352 INFO  [main][DialectDetector:159] Using dialect com.liferay.portal.dao.orm.hibernate.HSQLDialect for HSQL Database Engine 2.3
2022-06-09 06:26:26.506 INFO  [main][ModuleFrameworkImpl:1602] Starting initial bundles
2022-06-09 06:26:33.684 INFO  [main][ModuleFrameworkImpl:1896] Started initial bundles
2022-06-09 06:26:33.697 INFO  [main][ModuleFrameworkImpl:1949] Starting dynamic bundles
2022-06-09 06:27:06.020 INFO  [main][ModuleFrameworkImpl:1971] Started dynamic bundles
2022-06-09 06:27:06.020 INFO  [main][ModuleFrameworkImpl:1978] Starting web bundles
2022-06-09 06:27:12.525 INFO  [main][ModuleFrameworkImpl:2032] Started web bundles
2022-06-09 06:27:12.526 INFO  [main][ModuleFrameworkImpl:408] Navigate to Control Panel > System > Gogo Shell and enter "lb" to see all bundles
2022-06-09 06:27:13.356 INFO  [main][LoggingTimer:83] Starting com.liferay.portal.events.StartupHelperUtil#initResourceActions
2022-06-09 06:27:13.406 INFO  [main][LoggingTimer:44] Completed com.liferay.portal.events.StartupHelperUtil#initResourceActions in 50 ms
2022-06-09 06:27:23.741 WARN  [main][SidecarManager:111] Liferay automatically starts a child process of Elasticsearch named sidecar for convenient development and demonstration purposes. Do NOT use sidecar in production. Refer to the documentation for details on the limitations of sidecar and instructions on configuring a remote Elasticsearch connection in the Control Panel.
2022-06-09 06:27:54.619 INFO  [main][Sidecar:119] Sidecar Elasticsearch liferay started at 127.0.0.1:9201
2022-06-09 06:28:44.602 INFO  [main][StartupHelperUtil:109] There are no patches installed
2022-06-09 06:28:44.743 INFO  [main][LoggingTimer:83] Starting com.liferay.portal.events.StartupHelperUtil#initResourceActions
2022-06-09 06:28:44.895 INFO  [main][LoggingTimer:44] Completed com.liferay.portal.events.StartupHelperUtil#initResourceActions in 152 ms
2022-06-09 06:28:46.111 INFO  [main][AutoDeployDir:206] Auto deploy scanner started for C:\liferay\liferay-ce-portal-7.3.7-ga8\deploy
2022-06-09 06:28:50.124 INFO  [main][SystemCheckOSGiCommands:59] System check is enabled. You can run a system check with the command "system:check" in Gogo shell.
2022-06-09 06:28:50.127 INFO  [main][SystemCheckOSGiCommands:71] Running system check
2022-06-09 06:28:50.132 INFO  [main][SystemCheckOSGiCommands:98] Available checkers :[Declarative Service Soft Circular Dependency Checker, Declarative Service Unsatisfied Component Checker, Spring Extender Unavailable Component Checker]
2022-06-09 06:28:50.134 INFO  [main][SystemCheckOSGiCommands:114] Running "Declarative Service Soft Circular Dependency Checker". You can run this by itself with command "ds:softCircularDependency" in gogo shell.
2022-06-09 06:28:56.316 INFO  [com.liferay.portal.osgi.web.wab.extender.internal.WabFactory-BundleTrackerOpener][ThemeHotDeployListener:108] 1 theme for speedwell-theme is available for use
2022-06-09 06:28:56.912 INFO  [com.liferay.portal.osgi.web.wab.extender.internal.WabFactory-BundleTrackerOpener][ThemeHotDeployListener:108] 1 theme for admin-theme is available for use
2022-06-09 06:28:57.422 INFO  [com.liferay.portal.osgi.web.wab.extender.internal.WabFactory-BundleTrackerOpener][ThemeHotDeployListener:108] 1 theme for classic-theme is available for use
2022-06-09 06:28:57.872 INFO  [com.liferay.portal.osgi.web.wab.extender.internal.WabFactory-BundleTrackerOpener][ThemeHotDeployListener:108] 1 theme for minium-theme is available for use
2022-06-09 06:29:01.136 INFO  [main][SystemCheckOSGiCommands:126] Declarative Service Soft Circular Dependency Checker check result: No issues were found.
2022-06-09 06:29:01.136 INFO  [main][SystemCheckOSGiCommands:114] Running "Declarative Service Unsatisfied Component Checker". You can run this by itself with command "ds:unsatisfied" in gogo shell.
2022-06-09 06:30:04.892 INFO  [main][SystemCheckOSGiCommands:126] Declarative Service Unsatisfied Component Checker check result: No issues were found.
2022-06-09 06:30:04.893 INFO  [main][SystemCheckOSGiCommands:114] Running "Spring Extender Unavailable Component Checker". You can run this by itself with command "dm na" in gogo shell.
2022-06-09 06:30:04.895 INFO  [main][SystemCheckOSGiCommands:126] Spring Extender Unavailable Component Checker check result: No issues were found.
2022-06-09 06:31:35.289 INFO  [com.liferay.portal.kernel.deploy.auto.AutoDeployScanner][AutoDeployDir:272] Processing si.feri.praktikum.bintegra.jar
2022-06-09 06:31:45.430 INFO  [fileinstall-directory-watcher][BundleStartStopLogger:49] STOPPED si.feri.praktikum.bintegra_1.0.0 [1357]
2022-06-09 06:31:46.001 INFO  [Refresh Thread: Equinox Container: 8b54229f-dc8c-4a5f-a910-e8d99c79f81f][BundleStartStopLogger:46] STARTED si.feri.praktikum.bintegra_1.0.0 [1357]
2022-06-09 06:33:34.047 INFO  [com.liferay.portal.kernel.deploy.auto.AutoDeployScanner][AutoDeployDir:272] Processing si.feri.praktikum.bintegra.jar
2022-06-09 06:33:43.357 INFO  [fileinstall-directory-watcher][BundleStartStopLogger:49] STOPPED si.feri.praktikum.bintegra_1.0.0 [1357]
2022-06-09 06:33:44.144 INFO  [Refresh Thread: Equinox Container: 8b54229f-dc8c-4a5f-a910-e8d99c79f81f][BundleStartStopLogger:46] STARTED si.feri.praktikum.bintegra_1.0.0 [1357]
2022-06-09 06:35:15.291 INFO  [com.liferay.portal.kernel.deploy.auto.AutoDeployScanner][AutoDeployDir:272] Processing si.feri.praktikum.bintegra.jar
2022-06-09 06:35:25.346 INFO  [fileinstall-directory-watcher][BundleStartStopLogger:49] STOPPED si.feri.praktikum.bintegra_1.0.0 [1357]
2022-06-09 06:35:25.741 INFO  [Refresh Thread: Equinox Container: 8b54229f-dc8c-4a5f-a910-e8d99c79f81f][BundleStartStopLogger:46] STARTED si.feri.praktikum.bintegra_1.0.0 [1357]
2022-06-09 06:36:40.299 INFO  [com.liferay.portal.kernel.deploy.auto.AutoDeployScanner][AutoDeployDir:272] Processing si.feri.praktikum.bintegra.jar
2022-06-09 06:36:47.564 INFO  [fileinstall-directory-watcher][BundleStartStopLogger:49] STOPPED si.feri.praktikum.bintegra_1.0.0 [1357]
2022-06-09 06:36:48.635 INFO  [Refresh Thread: Equinox Container: 8b54229f-dc8c-4a5f-a910-e8d99c79f81f][BundleStartStopLogger:46] STARTED si.feri.praktikum.bintegra_1.0.0 [1357]
2022-06-09 06:37:01.698 ERROR [http-nio-8080-exec-6][status_jsp:863] Query string translates to an empty module paths set
2022-06-09 06:40:57.920 INFO  [com.liferay.portal.kernel.deploy.auto.AutoDeployScanner][AutoDeployDir:272] Processing si.feri.praktikum.bintegra.jar
2022-06-09 06:41:06.308 INFO  [fileinstall-directory-watcher][BundleStartStopLogger:49] STOPPED si.feri.praktikum.bintegra_1.0.0 [1357]
2022-06-09 06:41:06.568 INFO  [Refresh Thread: Equinox Container: 8b54229f-dc8c-4a5f-a910-e8d99c79f81f][BundleStartStopLogger:46] STARTED si.feri.praktikum.bintegra_1.0.0 [1357]
2022-06-09 06:45:37.041 INFO  [com.liferay.portal.kernel.deploy.auto.AutoDeployScanner][AutoDeployDir:272] Processing si.feri.praktikum.bintegra.jar
2022-06-09 06:45:44.863 INFO  [fileinstall-directory-watcher][BundleStartStopLogger:49] STOPPED si.feri.praktikum.bintegra_1.0.0 [1357]
2022-06-09 06:45:45.151 INFO  [Refresh Thread: Equinox Container: 8b54229f-dc8c-4a5f-a910-e8d99c79f81f][BundleStartStopLogger:46] STARTED si.feri.praktikum.bintegra_1.0.0 [1357]
2022-06-09 06:51:34.165 INFO  [com.liferay.portal.kernel.deploy.auto.AutoDeployScanner][AutoDeployDir:272] Processing si.feri.praktikum.bintegra.jar
2022-06-09 06:51:40.174 INFO  [fileinstall-directory-watcher][BundleStartStopLogger:49] STOPPED si.feri.praktikum.bintegra_1.0.0 [1357]
2022-06-09 06:51:41.499 INFO  [Refresh Thread: Equinox Container: 8b54229f-dc8c-4a5f-a910-e8d99c79f81f][BundleStartStopLogger:46] STARTED si.feri.praktikum.bintegra_1.0.0 [1357]
2022-06-09 06:51:41.603 ERROR [http-nio-8080-exec-3][render_portlet_jsp:131] null
java.lang.NullPointerException
	at com.liferay.frontend.js.loader.modules.extender.internal.npm.NPMResolverImpl.resolveModuleName(NPMResolverImpl.java:82)
	at si.feri.praktikum.bintegra.portlet.LoginPortlet.doView(LoginPortlet.java:43)
	at com.liferay.portal.kernel.portlet.LiferayPortlet.doDispatch(LiferayPortlet.java:303)
	at com.liferay.portal.kernel.portlet.bridges.mvc.MVCPortlet.doDispatch(MVCPortlet.java:464)
	at javax.portlet.GenericPortlet.render(GenericPortlet.java:291)
	at com.liferay.portal.kernel.portlet.bridges.mvc.MVCPortlet.render(MVCPortlet.java:303)
	at com.liferay.portlet.internal.FilterChainImpl.doFilter(FilterChainImpl.java:127)
	at com.liferay.portlet.ScriptDataPortletFilter.doFilter(ScriptDataPortletFilter.java:58)
	at com.liferay.portlet.internal.FilterChainImpl.doFilter(FilterChainImpl.java:124)
	at com.liferay.portal.kernel.portlet.PortletFilterUtil.doFilter(PortletFilterUtil.java:71)
	at com.liferay.portal.kernel.servlet.PortletServlet.service(PortletServlet.java:115)
	at javax.servlet.http.HttpServlet.service(HttpServlet.java:733)
	at org.eclipse.equinox.http.servlet.internal.registration.EndpointRegistration.service(EndpointRegistration.java:153)
	at org.eclipse.equinox.http.servlet.internal.servlet.ResponseStateHandler.processRequest(ResponseStateHandler.java:62)
	at org.eclipse.equinox.http.servlet.internal.context.DispatchTargets.doDispatch(DispatchTargets.java:120)
	at org.eclipse.equinox.http.servlet.internal.servlet.RequestDispatcherAdaptor.include(RequestDispatcherAdaptor.java:48)
	at com.liferay.portlet.internal.InvokerPortletImpl.invoke(InvokerPortletImpl.java:569)
	at com.liferay.portlet.internal.InvokerPortletImpl.invokeRender(InvokerPortletImpl.java:659)
	at com.liferay.portlet.internal.InvokerPortletImpl.render(InvokerPortletImpl.java:344)
	at com.liferay.portal.monitoring.internal.portlet.MonitoringInvokerPortlet.lambda$render$0(MonitoringInvokerPortlet.java:259)
2022-06-09 06:56:22.211 ERROR [http-nio-8080-exec-10][ExceptionMapper:52] com.liferay.portal.kernel.exception.UserScreenNameException$MustValidate: Screen name luka jerman for user 39501 must validate with com.liferay.portal.kernel.security.auth.DefaultScreenNameValidator: The screen name cannot be an email address or a reserved word, such as postfix. It must contain only alphanumeric or the following special characters: -._.
com.liferay.portal.kernel.exception.UserScreenNameException$MustValidate: Screen name luka jerman for user 39501 must validate with com.liferay.portal.kernel.security.auth.DefaultScreenNameValidator: The screen name cannot be an email address or a reserved word, such as postfix. It must contain only alphanumeric or the following special characters: -._.
	at com.liferay.portal.service.impl.UserLocalServiceImpl.validateScreenName(UserLocalServiceImpl.java:7167)
	at com.liferay.portal.service.impl.UserLocalServiceImpl.validate(UserLocalServiceImpl.java:6895)
	at com.liferay.portal.service.impl.UserLocalServiceImpl.addUserWithWorkflow(UserLocalServiceImpl.java:1045)
	at sun.reflect.NativeMethodAccessorImpl.invoke0(Native Method)
	at sun.reflect.NativeMethodAccessorImpl.invoke(NativeMethodAccessorImpl.java:62)
	at sun.reflect.DelegatingMethodAccessorImpl.invoke(DelegatingMethodAccessorImpl.java:43)
	at java.lang.reflect.Method.invoke(Method.java:498)
	at com.liferay.portal.kernel.bean.ClassLoaderBeanHandler.invoke(ClassLoaderBeanHandler.java:66)
	at com.sun.proxy.$Proxy644.addUserWithWorkflow(Unknown Source)
	at com.liferay.portal.kernel.service.UserLocalServiceWrapper.addUserWithWorkflow(UserLocalServiceWrapper.java:475)
	at sun.reflect.NativeMethodAccessorImpl.invoke0(Native Method)
	at sun.reflect.NativeMethodAccessorImpl.invoke(NativeMethodAccessorImpl.java:62)
	at sun.reflect.DelegatingMethodAccessorImpl.invoke(DelegatingMethodAccessorImpl.java:43)
	at java.lang.reflect.Method.invoke(Method.java:498)
	at com.liferay.portal.kernel.bean.ClassLoaderBeanHandler.invoke(ClassLoaderBeanHandler.java:66)
	at com.sun.proxy.$Proxy645.addUserWithWorkflow(Unknown Source)
	at sun.reflect.NativeMethodAccessorImpl.invoke0(Native Method)
	at sun.reflect.NativeMethodAccessorImpl.invoke(NativeMethodAccessorImpl.java:62)
	at sun.reflect.DelegatingMethodAccessorImpl.invoke(DelegatingMethodAccessorImpl.java:43)
	at java.lang.reflect.Method.invoke(Method.java:498)
	at com.liferay.portal.spring.aop.AopMethodInvocationImpl.proceed(AopMethodInvocationImpl.java:50)
	at com.liferay.portal.spring.transaction.TransactionInterceptor.invoke(TransactionInterceptor.java:69)
	at com.liferay.portal.spring.aop.AopMethodInvocationImpl.proceed(AopMethodInvocationImpl.java:57)
	at com.liferay.portal.service.ServiceContextAdvice.invoke(ServiceContextAdvice.java:60)
	at com.liferay.portal.spring.aop.AopMethodInvocationImpl.proceed(AopMethodInvocationImpl.java:57)
	at com.liferay.portal.spring.aop.AopInvocationHandler.invoke(AopInvocationHandler.java:49)
	at com.sun.proxy.$Proxy57.addUserWithWorkflow(Unknown Source)
	at com.liferay.portal.service.impl.UserServiceImpl.addUserWithWorkflow(UserServiceImpl.java:669)
	at com.liferay.portal.service.impl.UserServiceImpl.addUserWithWorkflow(UserServiceImpl.java:759)
	at com.liferay.portal.service.impl.UserServiceImpl.addUser(UserServiceImpl.java:389)
	at sun.reflect.NativeMethodAccessorImpl.invoke0(Native Method)
	at sun.reflect.NativeMethodAccessorImpl.invoke(NativeMethodAccessorImpl.java:62)
	at sun.reflect.DelegatingMethodAccessorImpl.invoke(DelegatingMethodAccessorImpl.java:43)
	at java.lang.reflect.Method.invoke(Method.java:498)
	at com.liferay.portal.spring.aop.AopMethodInvocationImpl.proceed(AopMethodInvocationImpl.java:50)
	at com.liferay.portal.spring.transaction.TransactionInterceptor.invoke(TransactionInterceptor.java:69)
	at com.liferay.portal.spring.aop.AopMethodInvocationImpl.proceed(AopMethodInvocationImpl.java:57)
	at com.liferay.portal.service.ServiceContextAdvice.invoke(ServiceContextAdvice.java:60)
	at com.liferay.portal.spring.aop.AopMethodInvocationImpl.proceed(AopMethodInvocationImpl.java:57)
	at com.liferay.portal.kernel.aop.ChainableMethodAdvice.invoke(ChainableMethodAdvice.java:64)
	at com.liferay.portal.spring.aop.AopMethodInvocationImpl.proceed(AopMethodInvocationImpl.java:57)
	at com.liferay.portal.spring.aop.AopInvocationHandler.invoke(AopInvocationHandler.java:49)
	at com.sun.proxy.$Proxy109.addUser(Unknown Source)
	at com.liferay.headless.admin.user.internal.resource.v1_0.UserAccountResourceImpl.postUserAccount(UserAccountResourceImpl.java:200)
	at sun.reflect.NativeMethodAccessorImpl.invoke0(Native Method)
	at sun.reflect.NativeMethodAccessorImpl.invoke(NativeMethodAccessorImpl.java:62)
	at sun.reflect.DelegatingMethodAccessorImpl.invoke(DelegatingMethodAccessorImpl.java:43)
	at java.lang.reflect.Method.invoke(Method.java:498)
	at org.apache.cxf.service.invoker.AbstractInvoker.performInvocation(AbstractInvoker.java:179)
	at org.apache.cxf.service.invoker.AbstractInvoker.invoke(AbstractInvoker.java:96)
	at org.apache.cxf.jaxrs.JAXRSInvoker.invoke(JAXRSInvoker.java:201)
	at org.apache.cxf.jaxrs.JAXRSInvoker.invoke(JAXRSInvoker.java:104)
	at org.apache.cxf.interceptor.ServiceInvokerInterceptor$1.run(ServiceInvokerInterceptor.java:59)
	at org.apache.cxf.interceptor.ServiceInvokerInterceptor.handleMessage(ServiceInvokerInterceptor.java:96)
	at org.apache.cxf.phase.PhaseInterceptorChain.doIntercept(PhaseInterceptorChain.java:308)
	at org.apache.cxf.transport.ChainInitiationObserver.onMessage(ChainInitiationObserver.java:121)
	at org.apache.cxf.transport.http.AbstractHTTPDestination.invoke(AbstractHTTPDestination.java:267)
	at org.apache.cxf.transport.servlet.ServletController.invokeDestination(ServletController.java:234)
	at org.apache.cxf.transport.servlet.ServletController.invoke(ServletController.java:208)
	at org.apache.cxf.transport.servlet.ServletController.invoke(ServletController.java:160)
	at org.apache.cxf.transport.servlet.CXFNonSpringServlet.invoke(CXFNonSpringServlet.java:216)
	at org.apache.cxf.transport.servlet.AbstractHTTPServlet.handleRequest(AbstractHTTPServlet.java:301)
	at org.apache.cxf.transport.servlet.AbstractHTTPServlet.doPost(AbstractHTTPServlet.java:220)
	at javax.servlet.http.HttpServlet.service(HttpServlet.java:652)
	at org.apache.cxf.transport.servlet.AbstractHTTPServlet.service(AbstractHTTPServlet.java:276)
	at org.eclipse.equinox.http.servlet.internal.registration.EndpointRegistration.service(EndpointRegistration.java:153)
	at org.eclipse.equinox.http.servlet.internal.servlet.FilterChainImpl.doFilter(FilterChainImpl.java:50)
	at com.liferay.portal.security.auth.verifier.internal.tracker.AuthVerifierFilterTracker$RemoteAccessFilter.doFilter(AuthVerifierFilterTracker.java:165)
	at org.eclipse.equinox.http.servlet.internal.registration.FilterRegistration.doFilter(FilterRegistration.java:121)
	at org.eclipse.equinox.http.servlet.internal.servlet.FilterChainImpl.doFilter(FilterChainImpl.java:45)
	at com.liferay.portal.kernel.servlet.BaseFilter.processFilter(BaseFilter.java:147)
	at com.liferay.portal.servlet.filters.authverifier.AuthVerifierFilter.processFilter(AuthVerifierFilter.java:196)
	at com.liferay.portal.kernel.servlet.BaseFilter.doFilter(BaseFilter.java:49)
	at org.eclipse.equinox.http.servlet.internal.registration.FilterRegistration.doFilter(FilterRegistration.java:121)
	at org.eclipse.equinox.http.servlet.internal.servlet.FilterChainImpl.doFilter(FilterChainImpl.java:45)
	at org.eclipse.equinox.http.servlet.internal.servlet.ResponseStateHandler.processRequest(ResponseStateHandler.java:70)
	at org.eclipse.equinox.http.servlet.internal.context.DispatchTargets.doDispatch(DispatchTargets.java:120)
	at org.eclipse.equinox.http.servlet.internal.HttpServiceRuntimeImpl.doDispatch(HttpServiceRuntimeImpl.java:372)
	at org.eclipse.equinox.http.servlet.internal.servlet.ProxyServlet.service(ProxyServlet.java:70)
	at javax.servlet.http.HttpServlet.service(HttpServlet.java:733)
	at com.liferay.portal.module.framework.ModuleFrameworkServletAdapter.service(ModuleFrameworkServletAdapter.java:52)
	at javax.servlet.http.HttpServlet.service(HttpServlet.java:733)
	at org.apache.catalina.core.ApplicationFilterChain.internalDoFilter(ApplicationFilterChain.java:227)
	at org.apache.catalina.core.ApplicationFilterChain.doFilter(ApplicationFilterChain.java:162)
	at org.apache.tomcat.websocket.server.WsFilter.doFilter(WsFilter.java:53)
	at org.apache.catalina.core.ApplicationFilterChain.internalDoFilter(ApplicationFilterChain.java:189)
	at org.apache.catalina.core.ApplicationFilterChain.doFilter(ApplicationFilterChain.java:162)
	at com.liferay.portal.kernel.servlet.filters.invoker.InvokerFilterChain.doFilter(InvokerFilterChain.java:124)
	at com.liferay.portal.remote.cors.internal.servlet.filter.PortalCORSServletFilter.processFilter(PortalCORSServletFilter.java:235)
	at com.liferay.portal.kernel.servlet.BaseFilter.doFilter(BaseFilter.java:49)
	at com.liferay.portal.kernel.servlet.filters.invoker.InvokerFilterChain.processDoFilter(InvokerFilterChain.java:215)
	at com.liferay.portal.kernel.servlet.filters.invoker.InvokerFilterChain.doFilter(InvokerFilterChain.java:116)
	at com.liferay.portal.servlet.filters.password.modified.PasswordModifiedFilter.processFilter(PasswordModifiedFilter.java:62)
	at com.liferay.portal.kernel.servlet.BaseFilter.doFilter(BaseFilter.java:49)
	at com.liferay.portal.kernel.servlet.filters.invoker.InvokerFilterChain.processDoFilter(InvokerFilterChain.java:215)
	at com.liferay.portal.kernel.servlet.filters.invoker.InvokerFilterChain.doFilter(InvokerFilterChain.java:116)
	at com.liferay.portal.servlet.filters.lockout.LockoutFilter.processFilter(LockoutFilter.java:58)
	at com.liferay.portal.kernel.servlet.BaseFilter.doFilter(BaseFilter.java:49)
	at com.liferay.portal.kernel.servlet.filters.invoker.InvokerFilterChain.processDoFilter(InvokerFilterChain.java:215)
	at com.liferay.portal.kernel.servlet.filters.invoker.InvokerFilterChain.doFilter(InvokerFilterChain.java:116)
	at com.liferay.portal.kernel.servlet.BaseFilter.processFilter(BaseFilter.java:147)
	at com.liferay.portal.sharepoint.SharepointFilter.processFilter(SharepointFilter.java:88)
	at com.liferay.portal.kernel.servlet.BaseFilter.doFilter(BaseFilter.java:49)
	at com.liferay.portal.kernel.servlet.filters.invoker.InvokerFilterChain.processDoFilter(InvokerFilterChain.java:215)
	at com.liferay.portal.kernel.servlet.filters.invoker.InvokerFilterChain.doFilter(InvokerFilterChain.java:116)
	at com.liferay.portal.kernel.servlet.BaseFilter.processFilter(BaseFilter.java:147)
	at com.liferay.portal.servlet.filters.virtualhost.VirtualHostFilter.processFilter(VirtualHostFilter.java:248)
	at com.liferay.portal.kernel.servlet.BaseFilter.doFilter(BaseFilter.java:49)
	at com.liferay.portal.kernel.servlet.filters.invoker.InvokerFilterChain.processDoFilter(InvokerFilterChain.java:215)
	at com.liferay.portal.kernel.servlet.filters.invoker.InvokerFilterChain.doFilter(InvokerFilterChain.java:116)
	at com.liferay.portal.kernel.servlet.filters.invoker.InvokerFilterChain.processDirectCallFilter(InvokerFilterChain.java:196)
	at com.liferay.portal.kernel.servlet.filters.invoker.InvokerFilterChain.doFilter(InvokerFilterChain.java:99)
	at com.liferay.portal.kernel.servlet.filters.invoker.InvokerFilterChain.processDirectCallFilter(InvokerFilterChain.java:196)
	at com.liferay.portal.kernel.servlet.filters.invoker.InvokerFilterChain.doFilter(InvokerFilterChain.java:99)
	at org.tuckey.web.filters.urlrewrite.RuleChain.handleRewrite(RuleChain.java:176)
	at org.tuckey.web.filters.urlrewrite.RuleChain.doRules(RuleChain.java:145)
	at org.tuckey.web.filters.urlrewrite.UrlRewriter.processRequest(UrlRewriter.java:92)
	at org.tuckey.web.filters.urlrewrite.UrlRewriteFilter.doFilter(UrlRewriteFilter.java:389)
	at com.liferay.portal.servlet.filters.urlrewrite.UrlRewriteFilter.processFilter(UrlRewriteFilter.java:65)
	at com.liferay.portal.kernel.servlet.BaseFilter.doFilter(BaseFilter.java:49)
	at com.liferay.portal.kernel.servlet.filters.invoker.InvokerFilterChain.processDoFilter(InvokerFilterChain.java:215)
	at com.liferay.portal.kernel.servlet.filters.invoker.InvokerFilterChain.doFilter(InvokerFilterChain.java:116)
	at com.liferay.portal.kernel.servlet.filters.invoker.InvokerFilterChain.processDirectCallFilter(InvokerFilterChain.java:175)
	at com.liferay.portal.kernel.servlet.filters.invoker.InvokerFilterChain.doFilter(InvokerFilterChain.java:99)
	at com.liferay.portal.kernel.servlet.filters.invoker.InvokerFilterChain.processDirectCallFilter(InvokerFilterChain.java:175)
	at com.liferay.portal.kernel.servlet.filters.invoker.InvokerFilterChain.doFilter(InvokerFilterChain.java:99)
	at com.liferay.portal.kernel.servlet.filters.invoker.InvokerFilterChain.processDirectCallFilter(InvokerFilterChain.java:196)
	at com.liferay.portal.kernel.servlet.filters.invoker.InvokerFilterChain.doFilter(InvokerFilterChain.java:99)
	at com.liferay.portal.kernel.servlet.filters.invoker.InvokerFilter.doFilter(InvokerFilter.java:104)
	at org.apache.catalina.core.ApplicationFilterChain.internalDoFilter(ApplicationFilterChain.java:189)
	at org.apache.catalina.core.ApplicationFilterChain.doFilter(ApplicationFilterChain.java:162)
	at org.apache.catalina.core.StandardWrapperValve.invoke(StandardWrapperValve.java:202)
	at org.apache.catalina.core.StandardContextValve.invoke(StandardContextValve.java:97)
	at org.apache.catalina.authenticator.AuthenticatorBase.invoke(AuthenticatorBase.java:542)
	at org.apache.catalina.core.StandardHostValve.invoke(StandardHostValve.java:143)
	at org.apache.catalina.valves.ErrorReportValve.invoke(ErrorReportValve.java:92)
	at org.apache.catalina.core.StandardEngineValve.invoke(StandardEngineValve.java:78)
	at org.apache.catalina.connector.CoyoteAdapter.service(CoyoteAdapter.java:346)
	at org.apache.coyote.http11.Http11Processor.service(Http11Processor.java:374)
	at org.apache.coyote.AbstractProcessorLight.process(AbstractProcessorLight.java:65)
	at org.apache.coyote.AbstractProtocol$ConnectionHandler.process(AbstractProtocol.java:887)
	at org.apache.tomcat.util.net.NioEndpoint$SocketProcessor.doRun(NioEndpoint.java:1684)
	at org.apache.tomcat.util.net.SocketProcessorBase.run(SocketProcessorBase.java:49)
	at java.util.concurrent.ThreadPoolExecutor.runWorker(ThreadPoolExecutor.java:1149)
	at java.util.concurrent.ThreadPoolExecutor$Worker.run(ThreadPoolExecutor.java:624)
	at org.apache.tomcat.util.threads.TaskThread$WrappingRunnable.run(TaskThread.java:61)
	at java.lang.Thread.run(Thread.java:748)
2022-06-09 06:59:17.033 INFO  [com.liferay.portal.kernel.deploy.auto.AutoDeployScanner][AutoDeployDir:272] Processing si.feri.praktikum.bintegra.jar
2022-06-09 06:59:26.677 INFO  [fileinstall-directory-watcher][BundleStartStopLogger:49] STOPPED si.feri.praktikum.bintegra_1.0.0 [1357]
2022-06-09 06:59:27.032 INFO  [Refresh Thread: Equinox Container: 8b54229f-dc8c-4a5f-a910-e8d99c79f81f][BundleStartStopLogger:46] STARTED si.feri.praktikum.bintegra_1.0.0 [1357]
2022-06-09 06:59:50.045 INFO  [com.liferay.portal.kernel.deploy.auto.AutoDeployScanner][AutoDeployDir:272] Processing si.feri.praktikum.bintegra.jar
2022-06-09 06:59:57.582 INFO  [fileinstall-directory-watcher][BundleStartStopLogger:49] STOPPED si.feri.praktikum.bintegra_1.0.0 [1357]
2022-06-09 06:59:58.181 INFO  [Refresh Thread: Equinox Container: 8b54229f-dc8c-4a5f-a910-e8d99c79f81f][BundleStartStopLogger:46] STARTED si.feri.praktikum.bintegra_1.0.0 [1357]
2022-06-09 07:05:28.051 INFO  [com.liferay.portal.kernel.deploy.auto.AutoDeployScanner][AutoDeployDir:272] Processing si.feri.praktikum.bintegra.jar
2022-06-09 07:05:37.860 INFO  [fileinstall-directory-watcher][BundleStartStopLogger:49] STOPPED si.feri.praktikum.bintegra_1.0.0 [1357]
2022-06-09 07:05:38.075 INFO  [Refresh Thread: Equinox Container: 8b54229f-dc8c-4a5f-a910-e8d99c79f81f][BundleStartStopLogger:46] STARTED si.feri.praktikum.bintegra_1.0.0 [1357]
2022-06-09 07:06:16.147 ERROR [http-nio-8080-exec-6][ExceptionMapper:52] com.liferay.portal.kernel.exception.UserScreenNameException$MustNotBeNull: Screen name must not be null for user 39509
com.liferay.portal.kernel.exception.UserScreenNameException$MustNotBeNull: Screen name must not be null for user 39509
	at com.liferay.portal.service.impl.UserLocalServiceImpl.validateScreenName(UserLocalServiceImpl.java:7160)
	at com.liferay.portal.service.impl.UserLocalServiceImpl.validate(UserLocalServiceImpl.java:6895)
	at com.liferay.portal.service.impl.UserLocalServiceImpl.addUserWithWorkflow(UserLocalServiceImpl.java:1045)
	at sun.reflect.NativeMethodAccessorImpl.invoke0(Native Method)
	at sun.reflect.NativeMethodAccessorImpl.invoke(NativeMethodAccessorImpl.java:62)
	at sun.reflect.DelegatingMethodAccessorImpl.invoke(DelegatingMethodAccessorImpl.java:43)
	at java.lang.reflect.Method.invoke(Method.java:498)
	at com.liferay.portal.kernel.bean.ClassLoaderBeanHandler.invoke(ClassLoaderBeanHandler.java:66)
	at com.sun.proxy.$Proxy644.addUserWithWorkflow(Unknown Source)
	at com.liferay.portal.kernel.service.UserLocalServiceWrapper.addUserWithWorkflow(UserLocalServiceWrapper.java:475)
	at sun.reflect.NativeMethodAccessorImpl.invoke0(Native Method)
	at sun.reflect.NativeMethodAccessorImpl.invoke(NativeMethodAccessorImpl.java:62)
	at sun.reflect.DelegatingMethodAccessorImpl.invoke(DelegatingMethodAccessorImpl.java:43)
	at java.lang.reflect.Method.invoke(Method.java:498)
	at com.liferay.portal.kernel.bean.ClassLoaderBeanHandler.invoke(ClassLoaderBeanHandler.java:66)
	at com.sun.proxy.$Proxy645.addUserWithWorkflow(Unknown Source)
	at sun.reflect.NativeMethodAccessorImpl.invoke0(Native Method)
	at sun.reflect.NativeMethodAccessorImpl.invoke(NativeMethodAccessorImpl.java:62)
	at sun.reflect.DelegatingMethodAccessorImpl.invoke(DelegatingMethodAccessorImpl.java:43)
	at java.lang.reflect.Method.invoke(Method.java:498)
	at com.liferay.portal.spring.aop.AopMethodInvocationImpl.proceed(AopMethodInvocationImpl.java:50)
	at com.liferay.portal.spring.transaction.TransactionInterceptor.invoke(TransactionInterceptor.java:69)
	at com.liferay.portal.spring.aop.AopMethodInvocationImpl.proceed(AopMethodInvocationImpl.java:57)
	at com.liferay.portal.service.ServiceContextAdvice.invoke(ServiceContextAdvice.java:60)
	at com.liferay.portal.spring.aop.AopMethodInvocationImpl.proceed(AopMethodInvocationImpl.java:57)
	at com.liferay.portal.spring.aop.AopInvocationHandler.invoke(AopInvocationHandler.java:49)
	at com.sun.proxy.$Proxy57.addUserWithWorkflow(Unknown Source)
	at com.liferay.portal.service.impl.UserServiceImpl.addUserWithWorkflow(UserServiceImpl.java:669)
	at com.liferay.portal.service.impl.UserServiceImpl.addUserWithWorkflow(UserServiceImpl.java:759)
	at com.liferay.portal.service.impl.UserServiceImpl.addUser(UserServiceImpl.java:389)
	at sun.reflect.NativeMethodAccessorImpl.invoke0(Native Method)
	at sun.reflect.NativeMethodAccessorImpl.invoke(NativeMethodAccessorImpl.java:62)
	at sun.reflect.DelegatingMethodAccessorImpl.invoke(DelegatingMethodAccessorImpl.java:43)
	at java.lang.reflect.Method.invoke(Method.java:498)
	at com.liferay.portal.spring.aop.AopMethodInvocationImpl.proceed(AopMethodInvocationImpl.java:50)
	at com.liferay.portal.spring.transaction.TransactionInterceptor.invoke(TransactionInterceptor.java:69)
	at com.liferay.portal.spring.aop.AopMethodInvocationImpl.proceed(AopMethodInvocationImpl.java:57)
	at com.liferay.portal.service.ServiceContextAdvice.invoke(ServiceContextAdvice.java:60)
	at com.liferay.portal.spring.aop.AopMethodInvocationImpl.proceed(AopMethodInvocationImpl.java:57)
	at com.liferay.portal.kernel.aop.ChainableMethodAdvice.invoke(ChainableMethodAdvice.java:64)
	at com.liferay.portal.spring.aop.AopMethodInvocationImpl.proceed(AopMethodInvocationImpl.java:57)
	at com.liferay.portal.spring.aop.AopInvocationHandler.invoke(AopInvocationHandler.java:49)
	at com.sun.proxy.$Proxy109.addUser(Unknown Source)
	at com.liferay.headless.admin.user.internal.resource.v1_0.UserAccountResourceImpl.postUserAccount(UserAccountResourceImpl.java:200)
	at sun.reflect.NativeMethodAccessorImpl.invoke0(Native Method)
	at sun.reflect.NativeMethodAccessorImpl.invoke(NativeMethodAccessorImpl.java:62)
	at sun.reflect.DelegatingMethodAccessorImpl.invoke(DelegatingMethodAccessorImpl.java:43)
	at java.lang.reflect.Method.invoke(Method.java:498)
	at org.apache.cxf.service.invoker.AbstractInvoker.performInvocation(AbstractInvoker.java:179)
	at org.apache.cxf.service.invoker.AbstractInvoker.invoke(AbstractInvoker.java:96)
	at org.apache.cxf.jaxrs.JAXRSInvoker.invoke(JAXRSInvoker.java:201)
	at org.apache.cxf.jaxrs.JAXRSInvoker.invoke(JAXRSInvoker.java:104)
	at org.apache.cxf.interceptor.ServiceInvokerInterceptor$1.run(ServiceInvokerInterceptor.java:59)
	at org.apache.cxf.interceptor.ServiceInvokerInterceptor.handleMessage(ServiceInvokerInterceptor.java:96)
	at org.apache.cxf.phase.PhaseInterceptorChain.doIntercept(PhaseInterceptorChain.java:308)
	at org.apache.cxf.transport.ChainInitiationObserver.onMessage(ChainInitiationObserver.java:121)
	at org.apache.cxf.transport.http.AbstractHTTPDestination.invoke(AbstractHTTPDestination.java:267)
	at org.apache.cxf.transport.servlet.ServletController.invokeDestination(ServletController.java:234)
	at org.apache.cxf.transport.servlet.ServletController.invoke(ServletController.java:208)
	at org.apache.cxf.transport.servlet.ServletController.invoke(ServletController.java:160)
	at org.apache.cxf.transport.servlet.CXFNonSpringServlet.invoke(CXFNonSpringServlet.java:216)
	at org.apache.cxf.transport.servlet.AbstractHTTPServlet.handleRequest(AbstractHTTPServlet.java:301)
	at org.apache.cxf.transport.servlet.AbstractHTTPServlet.doPost(AbstractHTTPServlet.java:220)
	at javax.servlet.http.HttpServlet.service(HttpServlet.java:652)
	at org.apache.cxf.transport.servlet.AbstractHTTPServlet.service(AbstractHTTPServlet.java:276)
	at org.eclipse.equinox.http.servlet.internal.registration.EndpointRegistration.service(EndpointRegistration.java:153)
	at org.eclipse.equinox.http.servlet.internal.servlet.FilterChainImpl.doFilter(FilterChainImpl.java:50)
	at com.liferay.portal.security.auth.verifier.internal.tracker.AuthVerifierFilterTracker$RemoteAccessFilter.doFilter(AuthVerifierFilterTracker.java:165)
	at org.eclipse.equinox.http.servlet.internal.registration.FilterRegistration.doFilter(FilterRegistration.java:121)
	at org.eclipse.equinox.http.servlet.internal.servlet.FilterChainImpl.doFilter(FilterChainImpl.java:45)
	at com.liferay.portal.kernel.servlet.BaseFilter.processFilter(BaseFilter.java:147)
	at com.liferay.portal.servlet.filters.authverifier.AuthVerifierFilter.processFilter(AuthVerifierFilter.java:196)
	at com.liferay.portal.kernel.servlet.BaseFilter.doFilter(BaseFilter.java:49)
	at org.eclipse.equinox.http.servlet.internal.registration.FilterRegistration.doFilter(FilterRegistration.java:121)
	at org.eclipse.equinox.http.servlet.internal.servlet.FilterChainImpl.doFilter(FilterChainImpl.java:45)
	at org.eclipse.equinox.http.servlet.internal.servlet.ResponseStateHandler.processRequest(ResponseStateHandler.java:70)
	at org.eclipse.equinox.http.servlet.internal.context.DispatchTargets.doDispatch(DispatchTargets.java:120)
	at org.eclipse.equinox.http.servlet.internal.HttpServiceRuntimeImpl.doDispatch(HttpServiceRuntimeImpl.java:372)
	at org.eclipse.equinox.http.servlet.internal.servlet.ProxyServlet.service(ProxyServlet.java:70)
	at javax.servlet.http.HttpServlet.service(HttpServlet.java:733)
	at com.liferay.portal.module.framework.ModuleFrameworkServletAdapter.service(ModuleFrameworkServletAdapter.java:52)
	at javax.servlet.http.HttpServlet.service(HttpServlet.java:733)
	at org.apache.catalina.core.ApplicationFilterChain.internalDoFilter(ApplicationFilterChain.java:227)
	at org.apache.catalina.core.ApplicationFilterChain.doFilter(ApplicationFilterChain.java:162)
	at org.apache.tomcat.websocket.server.WsFilter.doFilter(WsFilter.java:53)
	at org.apache.catalina.core.ApplicationFilterChain.internalDoFilter(ApplicationFilterChain.java:189)
	at org.apache.catalina.core.ApplicationFilterChain.doFilter(ApplicationFilterChain.java:162)
	at com.liferay.portal.kernel.servlet.filters.invoker.InvokerFilterChain.doFilter(InvokerFilterChain.java:124)
	at com.liferay.portal.remote.cors.internal.servlet.filter.PortalCORSServletFilter.processFilter(PortalCORSServletFilter.java:235)
	at com.liferay.portal.kernel.servlet.BaseFilter.doFilter(BaseFilter.java:49)
	at com.liferay.portal.kernel.servlet.filters.invoker.InvokerFilterChain.processDoFilter(InvokerFilterChain.java:215)
	at com.liferay.portal.kernel.servlet.filters.invoker.InvokerFilterChain.doFilter(InvokerFilterChain.java:116)
	at com.liferay.portal.servlet.filters.password.modified.PasswordModifiedFilter.processFilter(PasswordModifiedFilter.java:62)
	at com.liferay.portal.kernel.servlet.BaseFilter.doFilter(BaseFilter.java:49)
	at com.liferay.portal.kernel.servlet.filters.invoker.InvokerFilterChain.processDoFilter(InvokerFilterChain.java:215)
	at com.liferay.portal.kernel.servlet.filters.invoker.InvokerFilterChain.doFilter(InvokerFilterChain.java:116)
	at com.liferay.portal.servlet.filters.lockout.LockoutFilter.processFilter(LockoutFilter.java:58)
	at com.liferay.portal.kernel.servlet.BaseFilter.doFilter(BaseFilter.java:49)
	at com.liferay.portal.kernel.servlet.filters.invoker.InvokerFilterChain.processDoFilter(InvokerFilterChain.java:215)
	at com.liferay.portal.kernel.servlet.filters.invoker.InvokerFilterChain.doFilter(InvokerFilterChain.java:116)
	at com.liferay.portal.kernel.servlet.BaseFilter.processFilter(BaseFilter.java:147)
	at com.liferay.portal.sharepoint.SharepointFilter.processFilter(SharepointFilter.java:88)
	at com.liferay.portal.kernel.servlet.BaseFilter.doFilter(BaseFilter.java:49)
	at com.liferay.portal.kernel.servlet.filters.invoker.InvokerFilterChain.processDoFilter(InvokerFilterChain.java:215)
	at com.liferay.portal.kernel.servlet.filters.invoker.InvokerFilterChain.doFilter(InvokerFilterChain.java:116)
	at com.liferay.portal.kernel.servlet.BaseFilter.processFilter(BaseFilter.java:147)
	at com.liferay.portal.servlet.filters.virtualhost.VirtualHostFilter.processFilter(VirtualHostFilter.java:248)
	at com.liferay.portal.kernel.servlet.BaseFilter.doFilter(BaseFilter.java:49)
	at com.liferay.portal.kernel.servlet.filters.invoker.InvokerFilterChain.processDoFilter(InvokerFilterChain.java:215)
	at com.liferay.portal.kernel.servlet.filters.invoker.InvokerFilterChain.doFilter(InvokerFilterChain.java:116)
	at com.liferay.portal.kernel.servlet.filters.invoker.InvokerFilterChain.processDirectCallFilter(InvokerFilterChain.java:196)
	at com.liferay.portal.kernel.servlet.filters.invoker.InvokerFilterChain.doFilter(InvokerFilterChain.java:99)
	at com.liferay.portal.kernel.servlet.filters.invoker.InvokerFilterChain.processDirectCallFilter(InvokerFilterChain.java:196)
	at com.liferay.portal.kernel.servlet.filters.invoker.InvokerFilterChain.doFilter(InvokerFilterChain.java:99)
	at org.tuckey.web.filters.urlrewrite.RuleChain.handleRewrite(RuleChain.java:176)
	at org.tuckey.web.filters.urlrewrite.RuleChain.doRules(RuleChain.java:145)
	at org.tuckey.web.filters.urlrewrite.UrlRewriter.processRequest(UrlRewriter.java:92)
	at org.tuckey.web.filters.urlrewrite.UrlRewriteFilter.doFilter(UrlRewriteFilter.java:389)
	at com.liferay.portal.servlet.filters.urlrewrite.UrlRewriteFilter.processFilter(UrlRewriteFilter.java:65)
	at com.liferay.portal.kernel.servlet.BaseFilter.doFilter(BaseFilter.java:49)
	at com.liferay.portal.kernel.servlet.filters.invoker.InvokerFilterChain.processDoFilter(InvokerFilterChain.java:215)
	at com.liferay.portal.kernel.servlet.filters.invoker.InvokerFilterChain.doFilter(InvokerFilterChain.java:116)
	at com.liferay.portal.kernel.servlet.filters.invoker.InvokerFilterChain.processDirectCallFilter(InvokerFilterChain.java:175)
	at com.liferay.portal.kernel.servlet.filters.invoker.InvokerFilterChain.doFilter(InvokerFilterChain.java:99)
	at com.liferay.portal.kernel.servlet.filters.invoker.InvokerFilterChain.processDirectCallFilter(InvokerFilterChain.java:175)
	at com.liferay.portal.kernel.servlet.filters.invoker.InvokerFilterChain.doFilter(InvokerFilterChain.java:99)
	at com.liferay.portal.kernel.servlet.filters.invoker.InvokerFilterChain.processDirectCallFilter(InvokerFilterChain.java:196)
	at com.liferay.portal.kernel.servlet.filters.invoker.InvokerFilterChain.doFilter(InvokerFilterChain.java:99)
	at com.liferay.portal.kernel.servlet.filters.invoker.InvokerFilter.doFilter(InvokerFilter.java:104)
	at org.apache.catalina.core.ApplicationFilterChain.internalDoFilter(ApplicationFilterChain.java:189)
	at org.apache.catalina.core.ApplicationFilterChain.doFilter(ApplicationFilterChain.java:162)
	at org.apache.catalina.core.StandardWrapperValve.invoke(StandardWrapperValve.java:202)
	at org.apache.catalina.core.StandardContextValve.invoke(StandardContextValve.java:97)
	at org.apache.catalina.authenticator.AuthenticatorBase.invoke(AuthenticatorBase.java:542)
	at org.apache.catalina.core.StandardHostValve.invoke(StandardHostValve.java:143)
	at org.apache.catalina.valves.ErrorReportValve.invoke(ErrorReportValve.java:92)
	at org.apache.catalina.core.StandardEngineValve.invoke(StandardEngineValve.java:78)
	at org.apache.catalina.connector.CoyoteAdapter.service(CoyoteAdapter.java:346)
	at org.apache.coyote.http11.Http11Processor.service(Http11Processor.java:374)
	at org.apache.coyote.AbstractProcessorLight.process(AbstractProcessorLight.java:65)
	at org.apache.coyote.AbstractProtocol$ConnectionHandler.process(AbstractProtocol.java:887)
	at org.apache.tomcat.util.net.NioEndpoint$SocketProcessor.doRun(NioEndpoint.java:1684)
	at org.apache.tomcat.util.net.SocketProcessorBase.run(SocketProcessorBase.java:49)
	at java.util.concurrent.ThreadPoolExecutor.runWorker(ThreadPoolExecutor.java:1149)
	at java.util.concurrent.ThreadPoolExecutor$Worker.run(ThreadPoolExecutor.java:624)
	at org.apache.tomcat.util.threads.TaskThread$WrappingRunnable.run(TaskThread.java:61)
	at java.lang.Thread.run(Thread.java:748)
2022-06-09 07:10:37.114 INFO  [com.liferay.portal.kernel.deploy.auto.AutoDeployScanner][AutoDeployDir:272] Processing si.feri.praktikum.bintegra.jar
2022-06-09 07:10:46.146 INFO  [fileinstall-directory-watcher][BundleStartStopLogger:49] STOPPED si.feri.praktikum.bintegra_1.0.0 [1357]
2022-06-09 07:10:46.364 INFO  [Refresh Thread: Equinox Container: 8b54229f-dc8c-4a5f-a910-e8d99c79f81f][BundleStartStopLogger:46] STARTED si.feri.praktikum.bintegra_1.0.0 [1357]
2022-06-09 07:17:55.452 INFO  [com.liferay.portal.kernel.deploy.auto.AutoDeployScanner][AutoDeployDir:272] Processing si.feri.praktikum.bintegra.jar
2022-06-09 07:18:05.608 INFO  [fileinstall-directory-watcher][BundleStartStopLogger:49] STOPPED si.feri.praktikum.bintegra_1.0.0 [1357]
2022-06-09 07:18:06.477 INFO  [Refresh Thread: Equinox Container: 8b54229f-dc8c-4a5f-a910-e8d99c79f81f][BundleStartStopLogger:46] STARTED si.feri.praktikum.bintegra_1.0.0 [1357]
2022-06-09 07:20:07.645 INFO  [com.liferay.portal.kernel.deploy.auto.AutoDeployScanner][AutoDeployDir:272] Processing si.feri.praktikum.bintegra.jar
2022-06-09 07:20:13.223 INFO  [fileinstall-directory-watcher][BundleStartStopLogger:49] STOPPED si.feri.praktikum.bintegra_1.0.0 [1357]
2022-06-09 07:20:13.507 INFO  [Refresh Thread: Equinox Container: 8b54229f-dc8c-4a5f-a910-e8d99c79f81f][BundleStartStopLogger:46] STARTED si.feri.praktikum.bintegra_1.0.0 [1357]
2022-06-09 07:30:26.873 INFO  [com.liferay.portal.kernel.deploy.auto.AutoDeployScanner][AutoDeployDir:272] Processing si.feri.praktikum.bintegra.jar
2022-06-09 07:30:33.360 INFO  [fileinstall-directory-watcher][BundleStartStopLogger:49] STOPPED si.feri.praktikum.bintegra_1.0.0 [1357]
2022-06-09 07:30:33.680 INFO  [Refresh Thread: Equinox Container: 8b54229f-dc8c-4a5f-a910-e8d99c79f81f][BundleStartStopLogger:46] STARTED si.feri.praktikum.bintegra_1.0.0 [1357]
2022-06-09 07:31:58.010 INFO  [com.liferay.portal.kernel.deploy.auto.AutoDeployScanner][AutoDeployDir:272] Processing si.feri.praktikum.bintegra.jar
2022-06-09 07:32:05.261 INFO  [fileinstall-directory-watcher][BundleStartStopLogger:49] STOPPED si.feri.praktikum.bintegra_1.0.0 [1357]
2022-06-09 07:32:05.541 INFO  [Refresh Thread: Equinox Container: 8b54229f-dc8c-4a5f-a910-e8d99c79f81f][BundleStartStopLogger:46] STARTED si.feri.praktikum.bintegra_1.0.0 [1357]
2022-06-09 07:33:25.652 INFO  [com.liferay.portal.kernel.deploy.auto.AutoDeployScanner][AutoDeployDir:272] Processing si.feri.praktikum.bintegra.jar
2022-06-09 07:33:32.147 INFO  [fileinstall-directory-watcher][BundleStartStopLogger:49] STOPPED si.feri.praktikum.bintegra_1.0.0 [1357]
2022-06-09 07:33:32.392 INFO  [Refresh Thread: Equinox Container: 8b54229f-dc8c-4a5f-a910-e8d99c79f81f][BundleStartStopLogger:46] STARTED si.feri.praktikum.bintegra_1.0.0 [1357]
2022-06-09 07:35:11.372 INFO  [com.liferay.portal.kernel.deploy.auto.AutoDeployScanner][AutoDeployDir:272] Processing si.feri.praktikum.bintegra.jar
2022-06-09 07:35:19.208 INFO  [fileinstall-directory-watcher][BundleStartStopLogger:49] STOPPED si.feri.praktikum.bintegra_1.0.0 [1357]
2022-06-09 07:35:19.827 INFO  [Refresh Thread: Equinox Container: 8b54229f-dc8c-4a5f-a910-e8d99c79f81f][BundleStartStopLogger:46] STARTED si.feri.praktikum.bintegra_1.0.0 [1357]
2022-06-09 07:43:34.494 INFO  [com.liferay.portal.kernel.deploy.auto.AutoDeployScanner][AutoDeployDir:272] Processing si.feri.praktikum.bintegra.jar
2022-06-09 07:43:44.570 INFO  [fileinstall-directory-watcher][BundleStartStopLogger:49] STOPPED si.feri.praktikum.bintegra_1.0.0 [1357]
2022-06-09 07:43:44.854 INFO  [Refresh Thread: Equinox Container: 8b54229f-dc8c-4a5f-a910-e8d99c79f81f][BundleStartStopLogger:46] STARTED si.feri.praktikum.bintegra_1.0.0 [1357]
2022-06-09 07:46:34.647 INFO  [com.liferay.portal.kernel.deploy.auto.AutoDeployScanner][AutoDeployDir:272] Processing si.feri.praktikum.bintegra.jar
2022-06-09 07:46:41.689 INFO  [fileinstall-directory-watcher][BundleStartStopLogger:49] STOPPED si.feri.praktikum.bintegra_1.0.0 [1357]
2022-06-09 07:46:42.145 INFO  [Refresh Thread: Equinox Container: 8b54229f-dc8c-4a5f-a910-e8d99c79f81f][BundleStartStopLogger:46] STARTED si.feri.praktikum.bintegra_1.0.0 [1357]
2022-06-09 07:54:53.131 INFO  [com.liferay.portal.kernel.deploy.auto.AutoDeployScanner][AutoDeployDir:272] Processing si.feri.praktikum.bintegra.jar
2022-06-09 07:55:01.700 INFO  [fileinstall-directory-watcher][BundleStartStopLogger:49] STOPPED si.feri.praktikum.bintegra_1.0.0 [1357]
2022-06-09 07:55:02.007 INFO  [Refresh Thread: Equinox Container: 8b54229f-dc8c-4a5f-a910-e8d99c79f81f][BundleStartStopLogger:46] STARTED si.feri.praktikum.bintegra_1.0.0 [1357]
2022-06-09 07:58:22.063 INFO  [com.liferay.portal.kernel.deploy.auto.AutoDeployScanner][AutoDeployDir:272] Processing si.feri.praktikum.bintegra.jar
2022-06-09 07:58:29.114 INFO  [fileinstall-directory-watcher][BundleStartStopLogger:49] STOPPED si.feri.praktikum.bintegra_1.0.0 [1357]
2022-06-09 07:58:29.403 INFO  [Refresh Thread: Equinox Container: 8b54229f-dc8c-4a5f-a910-e8d99c79f81f][BundleStartStopLogger:46] STARTED si.feri.praktikum.bintegra_1.0.0 [1357]
2022-06-09 08:04:19.584 INFO  [com.liferay.portal.kernel.deploy.auto.AutoDeployScanner][AutoDeployDir:272] Processing si.feri.praktikum.bintegra.jar
2022-06-09 08:04:28.735 INFO  [fileinstall-directory-watcher][BundleStartStopLogger:49] STOPPED si.feri.praktikum.bintegra_1.0.0 [1357]
2022-06-09 08:04:29.811 INFO  [Refresh Thread: Equinox Container: 8b54229f-dc8c-4a5f-a910-e8d99c79f81f][BundleStartStopLogger:46] STARTED si.feri.praktikum.bintegra_1.0.0 [1357]
2022-06-09 08:04:30.631 ERROR [http-nio-8080-exec-10][render_portlet_jsp:131] null
java.lang.NullPointerException
	at com.liferay.frontend.js.loader.modules.extender.internal.npm.NPMResolverImpl.resolveModuleName(NPMResolverImpl.java:82)
	at si.feri.praktikum.bintegra.portlet.LoginPortlet.doView(LoginPortlet.java:43)
	at com.liferay.portal.kernel.portlet.LiferayPortlet.doDispatch(LiferayPortlet.java:303)
	at com.liferay.portal.kernel.portlet.bridges.mvc.MVCPortlet.doDispatch(MVCPortlet.java:464)
	at javax.portlet.GenericPortlet.render(GenericPortlet.java:291)
	at com.liferay.portal.kernel.portlet.bridges.mvc.MVCPortlet.render(MVCPortlet.java:303)
	at com.liferay.portlet.internal.FilterChainImpl.doFilter(FilterChainImpl.java:127)
	at com.liferay.portlet.ScriptDataPortletFilter.doFilter(ScriptDataPortletFilter.java:58)
	at com.liferay.portlet.internal.FilterChainImpl.doFilter(FilterChainImpl.java:124)
	at com.liferay.portal.kernel.portlet.PortletFilterUtil.doFilter(PortletFilterUtil.java:71)
	at com.liferay.portal.kernel.servlet.PortletServlet.service(PortletServlet.java:115)
	at javax.servlet.http.HttpServlet.service(HttpServlet.java:733)
	at org.eclipse.equinox.http.servlet.internal.registration.EndpointRegistration.service(EndpointRegistration.java:153)
	at org.eclipse.equinox.http.servlet.internal.servlet.ResponseStateHandler.processRequest(ResponseStateHandler.java:62)
	at org.eclipse.equinox.http.servlet.internal.context.DispatchTargets.doDispatch(DispatchTargets.java:120)
	at org.eclipse.equinox.http.servlet.internal.servlet.RequestDispatcherAdaptor.include(RequestDispatcherAdaptor.java:48)
	at com.liferay.portlet.internal.InvokerPortletImpl.invoke(InvokerPortletImpl.java:569)
	at com.liferay.portlet.internal.InvokerPortletImpl.invokeRender(InvokerPortletImpl.java:659)
	at com.liferay.portlet.internal.InvokerPortletImpl.render(InvokerPortletImpl.java:344)
	at com.liferay.portal.monitoring.internal.portlet.MonitoringInvokerPortlet.lambda$render$0(MonitoringInvokerPortlet.java:259)
2022-06-09 08:07:24.526 INFO  [com.liferay.portal.kernel.deploy.auto.AutoDeployScanner][AutoDeployDir:272] Processing si.feri.praktikum.bintegra.jar
2022-06-09 08:07:33.060 INFO  [fileinstall-directory-watcher][BundleStartStopLogger:49] STOPPED si.feri.praktikum.bintegra_1.0.0 [1357]
2022-06-09 08:07:33.311 INFO  [Refresh Thread: Equinox Container: 8b54229f-dc8c-4a5f-a910-e8d99c79f81f][BundleStartStopLogger:46] STARTED si.feri.praktikum.bintegra_1.0.0 [1357]
