!SESSION 2022-06-08 12:28:54.208 -----------------------------------------------
eclipse.buildId=unknown
java.version=1.8.0_271
java.vendor=Oracle Corporation
BootLoader constants: OS=win32, ARCH=x86_64, WS=win32, NL=sl_SI

!ENTRY com.liferay.fragment.renderer.react.impl 4 0 2022-06-08 12:28:54.208
!MESSAGE bundle com.liferay.fragment.renderer.react.impl:1.0.3 (228)[com.liferay.fragment.renderer.react.internal.model.listener.FragmentEntryLinkModelListener(4794)] : The deactivate method has thrown an exception
!STACK 0
com.liferay.portal.kernel.exception.SystemException: com.liferay.portal.kernel.dao.orm.ORMException: com.liferay.portal.kernel.exception.SystemException: com.liferay.portal.kernel.dao.orm.ORMException: org.hibernate.exception.JDBCConnectionException: could not execute query
	at com.liferay.fragment.service.persistence.impl.FragmentEntryLinkFinderImpl.findByType(FragmentEntryLinkFinderImpl.java:217)
	at com.liferay.fragment.service.impl.FragmentEntryLinkLocalServiceImpl.getFragmentEntryLinks(FragmentEntryLinkLocalServiceImpl.java:306)
	at sun.reflect.NativeMethodAccessorImpl.invoke0(Native Method)
	at sun.reflect.NativeMethodAccessorImpl.invoke(NativeMethodAccessorImpl.java:62)
	at sun.reflect.DelegatingMethodAccessorImpl.invoke(DelegatingMethodAccessorImpl.java:43)
	at java.lang.reflect.Method.invoke(Method.java:498)
	at com.liferay.portal.spring.aop.AopMethodInvocationImpl.proceed(AopMethodInvocationImpl.java:50)
	at com.liferay.portal.spring.transaction.TransactionInterceptor.invoke(TransactionInterceptor.java:69)
	at com.liferay.portal.spring.aop.AopMethodInvocationImpl.proceed(AopMethodInvocationImpl.java:57)
	at com.liferay.portal.spring.aop.AopInvocationHandler.invoke(AopInvocationHandler.java:49)
	at com.sun.proxy.$Proxy677.getFragmentEntryLinks(Unknown Source)
	at com.liferay.fragment.renderer.react.internal.model.listener.FragmentEntryLinkModelListener.deactivate(FragmentEntryLinkModelListener.java:121)
	at sun.reflect.NativeMethodAccessorImpl.invoke0(Native Method)
	at sun.reflect.NativeMethodAccessorImpl.invoke(NativeMethodAccessorImpl.java:62)
	at sun.reflect.DelegatingMethodAccessorImpl.invoke(DelegatingMethodAccessorImpl.java:43)
	at java.lang.reflect.Method.invoke(Method.java:498)
	at org.apache.felix.scr.impl.inject.methods.BaseMethod.invokeMethod(BaseMethod.java:228)
	at org.apache.felix.scr.impl.inject.methods.BaseMethod.access$500(BaseMethod.java:41)
	at org.apache.felix.scr.impl.inject.methods.BaseMethod$Resolved.invoke(BaseMethod.java:664)
	at org.apache.felix.scr.impl.inject.methods.BaseMethod.invoke(BaseMethod.java:510)
	at org.apache.felix.scr.impl.inject.methods.ActivateMethod.invoke(ActivateMethod.java:310)
	at org.apache.felix.scr.impl.inject.methods.ActivateMethod.invoke(ActivateMethod.java:300)
	at org.apache.felix.scr.impl.manager.SingleComponentManager.disposeImplementationObject(SingleComponentManager.java:408)
	at org.apache.felix.scr.impl.manager.SingleComponentManager.deleteComponent(SingleComponentManager.java:163)
	at org.apache.felix.scr.impl.manager.AbstractComponentManager.doDeactivate(AbstractComponentManager.java:831)
	at org.apache.felix.scr.impl.manager.AbstractComponentManager.deactivateInternal(AbstractComponentManager.java:805)
	at org.apache.felix.scr.impl.manager.DependencyManager.deactivateComponentManager(DependencyManager.java:2332)
	at org.apache.felix.scr.impl.manager.DependencyManager.access$400(DependencyManager.java:56)
	at org.apache.felix.scr.impl.manager.DependencyManager$SingleStaticCustomizer.removedService(DependencyManager.java:1125)
	at org.apache.felix.scr.impl.manager.DependencyManager$SingleStaticCustomizer.removedService(DependencyManager.java:1007)
	at org.apache.felix.scr.impl.manager.ServiceTracker$Tracked.customizerRemoved(ServiceTracker.java:1242)
	at org.apache.felix.scr.impl.manager.ServiceTracker$Tracked.customizerRemoved(ServiceTracker.java:1137)
	at org.apache.felix.scr.impl.manager.ServiceTracker$AbstractTracked.untrack(ServiceTracker.java:997)
	at org.apache.felix.scr.impl.manager.ServiceTracker$Tracked.serviceChanged(ServiceTracker.java:1176)
	at org.apache.felix.scr.impl.BundleComponentActivator$ListenerInfo.serviceChanged(BundleComponentActivator.java:125)
	at org.eclipse.osgi.internal.serviceregistry.FilteredServiceListener.serviceChanged(FilteredServiceListener.java:109)
	at org.eclipse.osgi.internal.serviceregistry.ServiceRegistry.publishServiceEventPrivileged(ServiceRegistry.java:891)
	at org.eclipse.osgi.internal.serviceregistry.ServiceRegistry.publishServiceEvent(ServiceRegistry.java:804)
	at org.eclipse.osgi.internal.serviceregistry.ServiceRegistrationImpl.unregister(ServiceRegistrationImpl.java:222)
	at com.liferay.frontend.js.loader.modules.extender.internal.npm.NPMResolverServiceFactory.deactivate(NPMResolverServiceFactory.java:69)
	at sun.reflect.NativeMethodAccessorImpl.invoke0(Native Method)
	at sun.reflect.NativeMethodAccessorImpl.invoke(NativeMethodAccessorImpl.java:62)
	at sun.reflect.DelegatingMethodAccessorImpl.invoke(DelegatingMethodAccessorImpl.java:43)
	at java.lang.reflect.Method.invoke(Method.java:498)
	at org.apache.felix.scr.impl.inject.methods.BaseMethod.invokeMethod(BaseMethod.java:228)
	at org.apache.felix.scr.impl.inject.methods.BaseMethod.access$500(BaseMethod.java:41)
	at org.apache.felix.scr.impl.inject.methods.BaseMethod$Resolved.invoke(BaseMethod.java:664)
	at org.apache.felix.scr.impl.inject.methods.BaseMethod.invoke(BaseMethod.java:510)
	at org.apache.felix.scr.impl.inject.methods.ActivateMethod.invoke(ActivateMethod.java:310)
	at org.apache.felix.scr.impl.inject.methods.ActivateMethod.invoke(ActivateMethod.java:300)
	at org.apache.felix.scr.impl.manager.SingleComponentManager.disposeImplementationObject(SingleComponentManager.java:408)
	at org.apache.felix.scr.impl.manager.SingleComponentManager.deleteComponent(SingleComponentManager.java:163)
	at org.apache.felix.scr.impl.manager.AbstractComponentManager.doDeactivate(AbstractComponentManager.java:831)
	at org.apache.felix.scr.impl.manager.AbstractComponentManager.deactivateInternal(AbstractComponentManager.java:805)
	at org.apache.felix.scr.impl.manager.DependencyManager.deactivateComponentManager(DependencyManager.java:2332)
	at org.apache.felix.scr.impl.manager.DependencyManager.access$400(DependencyManager.java:56)
	at org.apache.felix.scr.impl.manager.DependencyManager$SingleDynamicCustomizer.removedService(DependencyManager.java:926)
	at org.apache.felix.scr.impl.manager.DependencyManager$SingleDynamicCustomizer.removedService(DependencyManager.java:775)
	at org.apache.felix.scr.impl.manager.ServiceTracker$Tracked.customizerRemoved(ServiceTracker.java:1242)
	at org.apache.felix.scr.impl.manager.ServiceTracker$Tracked.customizerRemoved(ServiceTracker.java:1137)
	at org.apache.felix.scr.impl.manager.ServiceTracker$AbstractTracked.untrack(ServiceTracker.java:997)
	at org.apache.felix.scr.impl.manager.ServiceTracker$Tracked.serviceChanged(ServiceTracker.java:1176)
	at org.apache.felix.scr.impl.BundleComponentActivator$ListenerInfo.serviceChanged(BundleComponentActivator.java:125)
	at org.eclipse.osgi.internal.serviceregistry.FilteredServiceListener.serviceChanged(FilteredServiceListener.java:109)
	at org.eclipse.osgi.internal.serviceregistry.ServiceRegistry.publishServiceEventPrivileged(ServiceRegistry.java:891)
	at org.eclipse.osgi.internal.serviceregistry.ServiceRegistry.publishServiceEvent(ServiceRegistry.java:804)
	at org.eclipse.osgi.internal.serviceregistry.ServiceRegistrationImpl.unregister(ServiceRegistrationImpl.java:222)
	at org.apache.felix.scr.impl.manager.AbstractComponentManager$3.unregister(AbstractComponentManager.java:927)
	at org.apache.felix.scr.impl.manager.AbstractComponentManager$3.unregister(AbstractComponentManager.java:892)
	at org.apache.felix.scr.impl.manager.RegistrationManager.changeRegistration(RegistrationManager.java:135)
	at org.apache.felix.scr.impl.manager.AbstractComponentManager.unregisterService(AbstractComponentManager.java:969)
	at org.apache.felix.scr.impl.manager.AbstractComponentManager.doDeactivate(AbstractComponentManager.java:823)
	at org.apache.felix.scr.impl.manager.AbstractComponentManager.deactivateInternal(AbstractComponentManager.java:805)
	at org.apache.felix.scr.impl.manager.DependencyManager.deactivateComponentManager(DependencyManager.java:2332)
	at org.apache.felix.scr.impl.manager.DependencyManager.access$400(DependencyManager.java:56)
	at org.apache.felix.scr.impl.manager.DependencyManager$SingleStaticCustomizer.removedService(DependencyManager.java:1125)
	at org.apache.felix.scr.impl.manager.DependencyManager$SingleStaticCustomizer.removedService(DependencyManager.java:1007)
	at org.apache.felix.scr.impl.manager.ServiceTracker$Tracked.customizerRemoved(ServiceTracker.java:1242)
	at org.apache.felix.scr.impl.manager.ServiceTracker$Tracked.customizerRemoved(ServiceTracker.java:1137)
	at org.apache.felix.scr.impl.manager.ServiceTracker$AbstractTracked.untrack(ServiceTracker.java:997)
	at org.apache.felix.scr.impl.manager.ServiceTracker$Tracked.serviceChanged(ServiceTracker.java:1176)
	at org.apache.felix.scr.impl.BundleComponentActivator$ListenerInfo.serviceChanged(BundleComponentActivator.java:125)
	at org.eclipse.osgi.internal.serviceregistry.FilteredServiceListener.serviceChanged(FilteredServiceListener.java:109)
	at org.eclipse.osgi.internal.serviceregistry.ServiceRegistry.publishServiceEventPrivileged(ServiceRegistry.java:891)
	at org.eclipse.osgi.internal.serviceregistry.ServiceRegistry.publishServiceEvent(ServiceRegistry.java:804)
	at org.eclipse.osgi.internal.serviceregistry.ServiceRegistrationImpl.unregister(ServiceRegistrationImpl.java:222)
	at com.liferay.portal.bootstrap.ModuleFrameworkImpl._unregisterApplicationContext(ModuleFrameworkImpl.java:2050)
	at com.liferay.portal.bootstrap.ModuleFrameworkImpl.unregisterContext(ModuleFrameworkImpl.java:568)
	at com.liferay.portal.module.framework.ModuleFrameworkUtilAdapter.unregisterContext(ModuleFrameworkUtilAdapter.java:130)
	at com.liferay.portal.spring.context.PortalContextLoaderListener.contextDestroyed(PortalContextLoaderListener.java:127)
	at org.apache.catalina.core.StandardContext.listenerStop(StandardContext.java:4762)
	at org.apache.catalina.core.StandardContext.stopInternal(StandardContext.java:5433)
	at org.apache.catalina.util.LifecycleBase.stop(LifecycleBase.java:257)
	at org.apache.catalina.core.ContainerBase$StopChild.call(ContainerBase.java:1400)
	at org.apache.catalina.core.ContainerBase$StopChild.call(ContainerBase.java:1389)
	at java.util.concurrent.FutureTask.run(FutureTask.java:266)
	at org.apache.tomcat.util.threads.InlineExecutorService.execute(InlineExecutorService.java:75)
	at java.util.concurrent.AbstractExecutorService.submit(AbstractExecutorService.java:134)
	at org.apache.catalina.core.ContainerBase.stopInternal(ContainerBase.java:976)
	at org.apache.catalina.util.LifecycleBase.stop(LifecycleBase.java:257)
	at org.apache.catalina.core.ContainerBase$StopChild.call(ContainerBase.java:1400)
	at org.apache.catalina.core.ContainerBase$StopChild.call(ContainerBase.java:1389)
	at java.util.concurrent.FutureTask.run(FutureTask.java:266)
	at org.apache.tomcat.util.threads.InlineExecutorService.execute(InlineExecutorService.java:75)
	at java.util.concurrent.AbstractExecutorService.submit(AbstractExecutorService.java:134)
	at org.apache.catalina.core.ContainerBase.stopInternal(ContainerBase.java:976)
	at org.apache.catalina.util.LifecycleBase.stop(LifecycleBase.java:257)
	at org.apache.catalina.core.StandardService.stopInternal(StandardService.java:498)
	at org.apache.catalina.util.LifecycleBase.stop(LifecycleBase.java:257)
	at org.apache.catalina.core.StandardServer.stopInternal(StandardServer.java:982)
	at org.apache.catalina.util.LifecycleBase.stop(LifecycleBase.java:257)
	at org.apache.catalina.startup.Catalina.stop(Catalina.java:849)
	at org.apache.catalina.startup.Catalina$CatalinaShutdownHook.run(Catalina.java:996)
Caused by: com.liferay.portal.kernel.dao.orm.ORMException: com.liferay.portal.kernel.exception.SystemException: com.liferay.portal.kernel.dao.orm.ORMException: org.hibernate.exception.JDBCConnectionException: could not execute query
	at com.liferay.portal.dao.orm.hibernate.ExceptionTranslator.translate(ExceptionTranslator.java:39)
	at com.liferay.portal.dao.orm.hibernate.SQLQueryImpl.list(SQLQueryImpl.java:188)
	at com.liferay.portal.dao.orm.hibernate.SQLQueryImpl.list(SQLQueryImpl.java:168)
	at com.liferay.portal.kernel.dao.orm.QueryUtil.list(QueryUtil.java:61)
	at com.liferay.portal.kernel.dao.orm.QueryUtil.list(QueryUtil.java:53)
	at com.liferay.fragment.service.persistence.impl.FragmentEntryLinkFinderImpl.findByType(FragmentEntryLinkFinderImpl.java:213)
	... 112 more
Caused by: com.liferay.portal.kernel.exception.SystemException: com.liferay.portal.kernel.dao.orm.ORMException: org.hibernate.exception.JDBCConnectionException: could not execute query
	at com.liferay.portal.kernel.service.persistence.impl.BasePersistenceImpl.processException(BasePersistenceImpl.java:573)
	at com.liferay.change.tracking.service.persistence.impl.CTPreferencesPersistenceImpl.fetchByC_U(CTPreferencesPersistenceImpl.java:1243)
	at com.liferay.change.tracking.service.persistence.impl.CTPreferencesPersistenceImpl.fetchByC_U(CTPreferencesPersistenceImpl.java:1164)
	at com.liferay.change.tracking.service.impl.CTPreferencesLocalServiceImpl.fetchCTPreferences(CTPreferencesLocalServiceImpl.java:56)
	at sun.reflect.GeneratedMethodAccessor211.invoke(Unknown Source)
	at sun.reflect.DelegatingMethodAccessorImpl.invoke(DelegatingMethodAccessorImpl.java:43)
	at java.lang.reflect.Method.invoke(Method.java:498)
	at com.liferay.portal.spring.aop.AopMethodInvocationImpl.proceed(AopMethodInvocationImpl.java:50)
	at com.liferay.portal.spring.transaction.TransactionInterceptor.invoke(TransactionInterceptor.java:69)
	at com.liferay.portal.spring.aop.AopMethodInvocationImpl.proceed(AopMethodInvocationImpl.java:57)
	at com.liferay.portal.spring.aop.AopInvocationHandler.invoke(AopInvocationHandler.java:49)
	at com.sun.proxy.$Proxy505.fetchCTPreferences(Unknown Source)
	at com.liferay.change.tracking.internal.CTCollectionIdSupplierImpl.getCTCollectionId(CTCollectionIdSupplierImpl.java:36)
	at com.liferay.portal.kernel.change.tracking.CTCollectionThreadLocal._getCTCollectionId(CTCollectionThreadLocal.java:53)
	at com.liferay.petra.lang.CentralizedThreadLocal.initialValue(CentralizedThreadLocal.java:196)
	at com.liferay.petra.lang.CentralizedThreadLocal.get(CentralizedThreadLocal.java:142)
	at com.liferay.portal.kernel.change.tracking.CTCollectionThreadLocal.getCTCollectionId(CTCollectionThreadLocal.java:27)
	at com.liferay.portal.change.tracking.internal.CTSQLTransformerImpl.transform(CTSQLTransformerImpl.java:190)
	at com.liferay.portal.internal.change.tracking.hibernate.CTSQLInterceptor.onPrepareStatement(CTSQLInterceptor.java:30)
	at org.hibernate.jdbc.AbstractBatcher.getSQL(AbstractBatcher.java:488)
	at org.hibernate.jdbc.AbstractBatcher.getPreparedStatement(AbstractBatcher.java:510)
	at org.hibernate.jdbc.AbstractBatcher.getPreparedStatement(AbstractBatcher.java:452)
	at org.hibernate.jdbc.AbstractBatcher.prepareQueryStatement(AbstractBatcher.java:161)
	at org.hibernate.loader.Loader.prepareQueryStatement(Loader.java:1700)
	at org.hibernate.loader.Loader.doQuery(Loader.java:801)
	at org.hibernate.loader.Loader.doQueryAndInitializeNonLazyCollections(Loader.java:274)
	at org.hibernate.loader.Loader.doList(Loader.java:2542)
	at org.hibernate.loader.Loader.listIgnoreQueryCache(Loader.java:2276)
	at org.hibernate.loader.Loader.list(Loader.java:2271)
	at org.hibernate.loader.custom.CustomLoader.list(CustomLoader.java:316)
	at org.hibernate.impl.SessionImpl.listCustomQuery(SessionImpl.java:1842)
	at org.hibernate.impl.AbstractSessionImpl.list(AbstractSessionImpl.java:165)
	at org.hibernate.impl.SQLQueryImpl.list(SQLQueryImpl.java:157)
	at com.liferay.portal.dao.orm.hibernate.SQLQueryImpl.list(SQLQueryImpl.java:176)
	... 116 more
Caused by: com.liferay.portal.kernel.dao.orm.ORMException: org.hibernate.exception.JDBCConnectionException: could not execute query
	at com.liferay.portal.dao.orm.hibernate.ExceptionTranslator.translate(ExceptionTranslator.java:39)
	at com.liferay.portal.dao.orm.hibernate.QueryImpl.list(QueryImpl.java:124)
	at com.liferay.portal.dao.orm.hibernate.QueryImpl.list(QueryImpl.java:99)
	at com.liferay.change.tracking.service.persistence.impl.CTPreferencesPersistenceImpl.fetchByC_U(CTPreferencesPersistenceImpl.java:1226)
	... 148 more
Caused by: org.hibernate.exception.JDBCConnectionException: could not execute query
	at org.hibernate.exception.SQLStateConverter.convert(SQLStateConverter.java:99)
	at org.hibernate.exception.JDBCExceptionHelper.convert(JDBCExceptionHelper.java:66)
	at org.hibernate.loader.Loader.doList(Loader.java:2545)
	at org.hibernate.loader.Loader.listIgnoreQueryCache(Loader.java:2276)
	at org.hibernate.loader.Loader.list(Loader.java:2271)
	at org.hibernate.hql.classic.QueryTranslatorImpl.list(QueryTranslatorImpl.java:940)
	at org.hibernate.engine.query.HQLQueryPlan.performList(HQLQueryPlan.java:196)
	at org.hibernate.impl.SessionImpl.list(SessionImpl.java:1268)
	at org.hibernate.impl.QueryImpl.list(QueryImpl.java:102)
	at com.liferay.portal.dao.orm.hibernate.QueryImpl.list(QueryImpl.java:112)
	... 150 more
Caused by: java.sql.SQLNonTransientConnectionException: connection exception: closed
	at org.hsqldb.jdbc.JDBCUtil.sqlException(JDBCUtil.java:318)
	at org.hsqldb.jdbc.JDBCUtil.sqlException(JDBCUtil.java:247)
	at org.hsqldb.jdbc.JDBCPreparedStatement.<init>(JDBCPreparedStatement.java:3888)
	at org.hsqldb.jdbc.JDBCConnection.prepareStatement(JDBCConnection.java:641)
	at com.zaxxer.hikari.pool.ProxyConnection.prepareStatement(ProxyConnection.java:312)
	at com.zaxxer.hikari.pool.HikariProxyConnection.prepareStatement(HikariProxyConnection.java)
	at sun.reflect.GeneratedMethodAccessor146.invoke(Unknown Source)
	at sun.reflect.DelegatingMethodAccessorImpl.invoke(DelegatingMethodAccessorImpl.java:43)
	at java.lang.reflect.Method.invoke(Method.java:498)
	at org.springframework.jdbc.datasource.LazyConnectionDataSourceProxy$LazyConnectionInvocationHandler.invoke(LazyConnectionDataSourceProxy.java:385)
	at com.sun.proxy.$Proxy9.prepareStatement(Unknown Source)
	at org.hibernate.jdbc.AbstractBatcher.getPreparedStatement(AbstractBatcher.java:534)
	at org.hibernate.jdbc.AbstractBatcher.getPreparedStatement(AbstractBatcher.java:452)
	at org.hibernate.jdbc.AbstractBatcher.prepareQueryStatement(AbstractBatcher.java:161)
	at org.hibernate.loader.Loader.prepareQueryStatement(Loader.java:1700)
	at org.hibernate.loader.Loader.doQuery(Loader.java:801)
	at org.hibernate.loader.Loader.doQueryAndInitializeNonLazyCollections(Loader.java:274)
	at org.hibernate.loader.Loader.doList(Loader.java:2542)
	... 157 more
Caused by: org.hsqldb.HsqlException: connection exception: closed
	at org.hsqldb.error.Error.error(Error.java:136)
	at org.hsqldb.error.Error.error(Error.java:106)
	at org.hsqldb.Session.execute(Session.java:959)
	at org.hsqldb.jdbc.JDBCPreparedStatement.<init>(JDBCPreparedStatement.java:3885)
	... 172 more

!ENTRY com.liferay.dispatch.service 4 0 2022-06-08 12:28:56.040
!MESSAGE bundle com.liferay.dispatch.service:2.0.18 (1096)[com.liferay.dispatch.internal.messaging.DispatchConfigurator(3685)] : The deactivate method has thrown an exception
!STACK 0
com.liferay.portal.kernel.exception.SystemException: com.liferay.portal.kernel.dao.orm.ORMException: org.hibernate.exception.JDBCConnectionException: could not execute query
	at com.liferay.portal.kernel.service.persistence.impl.BasePersistenceImpl.processException(BasePersistenceImpl.java:573)
	at com.liferay.change.tracking.service.persistence.impl.CTPreferencesPersistenceImpl.fetchByC_U(CTPreferencesPersistenceImpl.java:1243)
	at com.liferay.change.tracking.service.persistence.impl.CTPreferencesPersistenceImpl.fetchByC_U(CTPreferencesPersistenceImpl.java:1164)
	at com.liferay.change.tracking.service.impl.CTPreferencesLocalServiceImpl.fetchCTPreferences(CTPreferencesLocalServiceImpl.java:56)
	at sun.reflect.GeneratedMethodAccessor211.invoke(Unknown Source)
	at sun.reflect.DelegatingMethodAccessorImpl.invoke(DelegatingMethodAccessorImpl.java:43)
	at java.lang.reflect.Method.invoke(Method.java:498)
	at com.liferay.portal.spring.aop.AopMethodInvocationImpl.proceed(AopMethodInvocationImpl.java:50)
	at com.liferay.portal.spring.transaction.TransactionInterceptor.invoke(TransactionInterceptor.java:69)
	at com.liferay.portal.spring.aop.AopMethodInvocationImpl.proceed(AopMethodInvocationImpl.java:57)
	at com.liferay.portal.spring.aop.AopInvocationHandler.invoke(AopInvocationHandler.java:49)
	at com.sun.proxy.$Proxy505.fetchCTPreferences(Unknown Source)
	at com.liferay.change.tracking.internal.CTCollectionIdSupplierImpl.getCTCollectionId(CTCollectionIdSupplierImpl.java:36)
	at com.liferay.portal.kernel.change.tracking.CTCollectionThreadLocal._getCTCollectionId(CTCollectionThreadLocal.java:53)
	at com.liferay.petra.lang.CentralizedThreadLocal.initialValue(CentralizedThreadLocal.java:196)
	at com.liferay.petra.lang.CentralizedThreadLocal.get(CentralizedThreadLocal.java:142)
	at com.liferay.portal.kernel.change.tracking.CTCollectionThreadLocal.isProductionMode(CTCollectionThreadLocal.java:31)
	at com.liferay.change.tracking.internal.aop.CTTransactionAdvice.invoke(CTTransactionAdvice.java:79)
	at com.liferay.portal.spring.aop.AopMethodInvocationImpl.proceed(AopMethodInvocationImpl.java:57)
	at com.liferay.portal.spring.aop.AopInvocationHandler.invoke(AopInvocationHandler.java:49)
	at com.sun.proxy.$Proxy932.getDispatchTriggers(Unknown Source)
	at com.liferay.dispatch.internal.messaging.DispatchConfigurator._unscheduleMemorySchedulerJobs(DispatchConfigurator.java:131)
	at com.liferay.dispatch.internal.messaging.DispatchConfigurator.deactivate(DispatchConfigurator.java:94)
	at sun.reflect.NativeMethodAccessorImpl.invoke0(Native Method)
	at sun.reflect.NativeMethodAccessorImpl.invoke(NativeMethodAccessorImpl.java:62)
	at sun.reflect.DelegatingMethodAccessorImpl.invoke(DelegatingMethodAccessorImpl.java:43)
	at java.lang.reflect.Method.invoke(Method.java:498)
	at org.apache.felix.scr.impl.inject.methods.BaseMethod.invokeMethod(BaseMethod.java:228)
	at org.apache.felix.scr.impl.inject.methods.BaseMethod.access$500(BaseMethod.java:41)
	at org.apache.felix.scr.impl.inject.methods.BaseMethod$Resolved.invoke(BaseMethod.java:664)
	at org.apache.felix.scr.impl.inject.methods.BaseMethod.invoke(BaseMethod.java:510)
	at org.apache.felix.scr.impl.inject.methods.ActivateMethod.invoke(ActivateMethod.java:310)
	at org.apache.felix.scr.impl.inject.methods.ActivateMethod.invoke(ActivateMethod.java:300)
	at org.apache.felix.scr.impl.manager.SingleComponentManager.disposeImplementationObject(SingleComponentManager.java:408)
	at org.apache.felix.scr.impl.manager.SingleComponentManager.deleteComponent(SingleComponentManager.java:163)
	at org.apache.felix.scr.impl.manager.AbstractComponentManager.doDeactivate(AbstractComponentManager.java:831)
	at org.apache.felix.scr.impl.manager.AbstractComponentManager.deactivateInternal(AbstractComponentManager.java:805)
	at org.apache.felix.scr.impl.manager.DependencyManager.deactivateComponentManager(DependencyManager.java:2332)
	at org.apache.felix.scr.impl.manager.DependencyManager.access$400(DependencyManager.java:56)
	at org.apache.felix.scr.impl.manager.DependencyManager$SingleStaticCustomizer.removedService(DependencyManager.java:1125)
	at org.apache.felix.scr.impl.manager.DependencyManager$SingleStaticCustomizer.removedService(DependencyManager.java:1007)
	at org.apache.felix.scr.impl.manager.ServiceTracker$Tracked.customizerRemoved(ServiceTracker.java:1242)
	at org.apache.felix.scr.impl.manager.ServiceTracker$Tracked.customizerRemoved(ServiceTracker.java:1137)
	at org.apache.felix.scr.impl.manager.ServiceTracker$AbstractTracked.untrack(ServiceTracker.java:997)
	at org.apache.felix.scr.impl.manager.ServiceTracker$Tracked.serviceChanged(ServiceTracker.java:1176)
	at org.apache.felix.scr.impl.BundleComponentActivator$ListenerInfo.serviceChanged(BundleComponentActivator.java:125)
	at org.eclipse.osgi.internal.serviceregistry.FilteredServiceListener.serviceChanged(FilteredServiceListener.java:109)
	at org.eclipse.osgi.internal.serviceregistry.ServiceRegistry.publishServiceEventPrivileged(ServiceRegistry.java:891)
	at org.eclipse.osgi.internal.serviceregistry.ServiceRegistry.publishServiceEvent(ServiceRegistry.java:804)
	at org.eclipse.osgi.internal.serviceregistry.ServiceRegistrationImpl.unregister(ServiceRegistrationImpl.java:222)
	at org.apache.felix.scr.impl.manager.AbstractComponentManager$3.unregister(AbstractComponentManager.java:927)
	at org.apache.felix.scr.impl.manager.AbstractComponentManager$3.unregister(AbstractComponentManager.java:892)
	at org.apache.felix.scr.impl.manager.RegistrationManager.changeRegistration(RegistrationManager.java:135)
	at org.apache.felix.scr.impl.manager.AbstractComponentManager.unregisterService(AbstractComponentManager.java:969)
	at org.apache.felix.scr.impl.manager.AbstractComponentManager.doDeactivate(AbstractComponentManager.java:823)
	at org.apache.felix.scr.impl.manager.AbstractComponentManager.deactivateInternal(AbstractComponentManager.java:805)
	at org.apache.felix.scr.impl.manager.DependencyManager.deactivateComponentManager(DependencyManager.java:2332)
	at org.apache.felix.scr.impl.manager.DependencyManager.access$400(DependencyManager.java:56)
	at org.apache.felix.scr.impl.manager.DependencyManager$SingleStaticCustomizer.removedService(DependencyManager.java:1125)
	at org.apache.felix.scr.impl.manager.DependencyManager$SingleStaticCustomizer.removedService(DependencyManager.java:1007)
	at org.apache.felix.scr.impl.manager.ServiceTracker$Tracked.customizerRemoved(ServiceTracker.java:1242)
	at org.apache.felix.scr.impl.manager.ServiceTracker$Tracked.customizerRemoved(ServiceTracker.java:1137)
	at org.apache.felix.scr.impl.manager.ServiceTracker$AbstractTracked.untrack(ServiceTracker.java:997)
	at org.apache.felix.scr.impl.manager.ServiceTracker$Tracked.serviceChanged(ServiceTracker.java:1176)
	at org.apache.felix.scr.impl.BundleComponentActivator$ListenerInfo.serviceChanged(BundleComponentActivator.java:125)
	at org.eclipse.osgi.internal.serviceregistry.FilteredServiceListener.serviceChanged(FilteredServiceListener.java:109)
	at org.eclipse.osgi.internal.serviceregistry.ServiceRegistry.publishServiceEventPrivileged(ServiceRegistry.java:891)
	at org.eclipse.osgi.internal.serviceregistry.ServiceRegistry.publishServiceEvent(ServiceRegistry.java:804)
	at org.eclipse.osgi.internal.serviceregistry.ServiceRegistrationImpl.unregister(ServiceRegistrationImpl.java:222)
	at org.apache.felix.scr.impl.manager.AbstractComponentManager$3.unregister(AbstractComponentManager.java:927)
	at org.apache.felix.scr.impl.manager.AbstractComponentManager$3.unregister(AbstractComponentManager.java:892)
	at org.apache.felix.scr.impl.manager.RegistrationManager.changeRegistration(RegistrationManager.java:135)
	at org.apache.felix.scr.impl.manager.AbstractComponentManager.unregisterService(AbstractComponentManager.java:969)
	at org.apache.felix.scr.impl.manager.AbstractComponentManager.doDeactivate(AbstractComponentManager.java:823)
	at org.apache.felix.scr.impl.manager.AbstractComponentManager.deactivateInternal(AbstractComponentManager.java:805)
	at org.apache.felix.scr.impl.manager.DependencyManager.deactivateComponentManager(DependencyManager.java:2332)
	at org.apache.felix.scr.impl.manager.DependencyManager.access$400(DependencyManager.java:56)
	at org.apache.felix.scr.impl.manager.DependencyManager$SingleStaticCustomizer.removedService(DependencyManager.java:1125)
	at org.apache.felix.scr.impl.manager.DependencyManager$SingleStaticCustomizer.removedService(DependencyManager.java:1007)
	at org.apache.felix.scr.impl.manager.ServiceTracker$Tracked.customizerRemoved(ServiceTracker.java:1242)
	at org.apache.felix.scr.impl.manager.ServiceTracker$Tracked.customizerRemoved(ServiceTracker.java:1137)
	at org.apache.felix.scr.impl.manager.ServiceTracker$AbstractTracked.untrack(ServiceTracker.java:997)
	at org.apache.felix.scr.impl.manager.ServiceTracker$Tracked.serviceChanged(ServiceTracker.java:1176)
	at org.apache.felix.scr.impl.BundleComponentActivator$ListenerInfo.serviceChanged(BundleComponentActivator.java:125)
	at org.eclipse.osgi.internal.serviceregistry.FilteredServiceListener.serviceChanged(FilteredServiceListener.java:109)
	at org.eclipse.osgi.internal.serviceregistry.ServiceRegistry.publishServiceEventPrivileged(ServiceRegistry.java:891)
	at org.eclipse.osgi.internal.serviceregistry.ServiceRegistry.publishServiceEvent(ServiceRegistry.java:804)
	at org.eclipse.osgi.internal.serviceregistry.ServiceRegistrationImpl.unregister(ServiceRegistrationImpl.java:222)
	at com.liferay.portal.scheduler.internal.messaging.config.SchedulerProxyMessagingConfigurator.deactivate(SchedulerProxyMessagingConfigurator.java:72)
	at sun.reflect.NativeMethodAccessorImpl.invoke0(Native Method)
	at sun.reflect.NativeMethodAccessorImpl.invoke(NativeMethodAccessorImpl.java:62)
	at sun.reflect.DelegatingMethodAccessorImpl.invoke(DelegatingMethodAccessorImpl.java:43)
	at java.lang.reflect.Method.invoke(Method.java:498)
	at org.apache.felix.scr.impl.inject.methods.BaseMethod.invokeMethod(BaseMethod.java:228)
	at org.apache.felix.scr.impl.inject.methods.BaseMethod.access$500(BaseMethod.java:41)
	at org.apache.felix.scr.impl.inject.methods.BaseMethod$Resolved.invoke(BaseMethod.java:664)
	at org.apache.felix.scr.impl.inject.methods.BaseMethod.invoke(BaseMethod.java:510)
	at org.apache.felix.scr.impl.inject.methods.ActivateMethod.invoke(ActivateMethod.java:310)
	at org.apache.felix.scr.impl.inject.methods.ActivateMethod.invoke(ActivateMethod.java:300)
	at org.apache.felix.scr.impl.manager.SingleComponentManager.disposeImplementationObject(SingleComponentManager.java:408)
	at org.apache.felix.scr.impl.manager.SingleComponentManager.deleteComponent(SingleComponentManager.java:163)
	at org.apache.felix.scr.impl.manager.AbstractComponentManager.doDeactivate(AbstractComponentManager.java:831)
	at org.apache.felix.scr.impl.manager.AbstractComponentManager.deactivateInternal(AbstractComponentManager.java:805)
	at org.apache.felix.scr.impl.manager.DependencyManager.deactivateComponentManager(DependencyManager.java:2332)
	at org.apache.felix.scr.impl.manager.DependencyManager.access$400(DependencyManager.java:56)
	at org.apache.felix.scr.impl.manager.DependencyManager$SingleStaticCustomizer.removedService(DependencyManager.java:1125)
	at org.apache.felix.scr.impl.manager.DependencyManager$SingleStaticCustomizer.removedService(DependencyManager.java:1007)
	at org.apache.felix.scr.impl.manager.ServiceTracker$Tracked.customizerRemoved(ServiceTracker.java:1242)
	at org.apache.felix.scr.impl.manager.ServiceTracker$Tracked.customizerRemoved(ServiceTracker.java:1137)
	at org.apache.felix.scr.impl.manager.ServiceTracker$AbstractTracked.untrack(ServiceTracker.java:997)
	at org.apache.felix.scr.impl.manager.ServiceTracker$Tracked.serviceChanged(ServiceTracker.java:1176)
	at org.apache.felix.scr.impl.BundleComponentActivator$ListenerInfo.serviceChanged(BundleComponentActivator.java:125)
	at org.eclipse.osgi.internal.serviceregistry.FilteredServiceListener.serviceChanged(FilteredServiceListener.java:109)
	at org.eclipse.osgi.internal.serviceregistry.ServiceRegistry.publishServiceEventPrivileged(ServiceRegistry.java:891)
	at org.eclipse.osgi.internal.serviceregistry.ServiceRegistry.publishServiceEvent(ServiceRegistry.java:804)
	at org.eclipse.osgi.internal.serviceregistry.ServiceRegistrationImpl.unregister(ServiceRegistrationImpl.java:222)
	at org.apache.felix.scr.impl.manager.AbstractComponentManager$3.unregister(AbstractComponentManager.java:927)
	at org.apache.felix.scr.impl.manager.AbstractComponentManager$3.unregister(AbstractComponentManager.java:892)
	at org.apache.felix.scr.impl.manager.RegistrationManager.changeRegistration(RegistrationManager.java:135)
	at org.apache.felix.scr.impl.manager.AbstractComponentManager.unregisterService(AbstractComponentManager.java:969)
	at org.apache.felix.scr.impl.manager.AbstractComponentManager.doDeactivate(AbstractComponentManager.java:823)
	at org.apache.felix.scr.impl.manager.AbstractComponentManager.deactivateInternal(AbstractComponentManager.java:805)
	at org.apache.felix.scr.impl.manager.DependencyManager.deactivateComponentManager(DependencyManager.java:2332)
	at org.apache.felix.scr.impl.manager.DependencyManager.access$400(DependencyManager.java:56)
	at org.apache.felix.scr.impl.manager.DependencyManager$SingleStaticCustomizer.removedService(DependencyManager.java:1125)
	at org.apache.felix.scr.impl.manager.DependencyManager$SingleStaticCustomizer.removedService(DependencyManager.java:1007)
	at org.apache.felix.scr.impl.manager.ServiceTracker$Tracked.customizerRemoved(ServiceTracker.java:1242)
	at org.apache.felix.scr.impl.manager.ServiceTracker$Tracked.customizerRemoved(ServiceTracker.java:1137)
	at org.apache.felix.scr.impl.manager.ServiceTracker$AbstractTracked.untrack(ServiceTracker.java:997)
	at org.apache.felix.scr.impl.manager.ServiceTracker$Tracked.serviceChanged(ServiceTracker.java:1176)
	at org.apache.felix.scr.impl.BundleComponentActivator$ListenerInfo.serviceChanged(BundleComponentActivator.java:125)
	at org.eclipse.osgi.internal.serviceregistry.FilteredServiceListener.serviceChanged(FilteredServiceListener.java:109)
	at org.eclipse.osgi.internal.serviceregistry.ServiceRegistry.publishServiceEventPrivileged(ServiceRegistry.java:891)
	at org.eclipse.osgi.internal.serviceregistry.ServiceRegistry.publishServiceEvent(ServiceRegistry.java:804)
	at org.eclipse.osgi.internal.serviceregistry.ServiceRegistrationImpl.unregister(ServiceRegistrationImpl.java:222)
	at org.apache.felix.scr.impl.manager.AbstractComponentManager$3.unregister(AbstractComponentManager.java:927)
	at org.apache.felix.scr.impl.manager.AbstractComponentManager$3.unregister(AbstractComponentManager.java:892)
	at org.apache.felix.scr.impl.manager.RegistrationManager.changeRegistration(RegistrationManager.java:135)
	at org.apache.felix.scr.impl.manager.AbstractComponentManager.unregisterService(AbstractComponentManager.java:969)
	at org.apache.felix.scr.impl.manager.AbstractComponentManager.doDeactivate(AbstractComponentManager.java:823)
	at org.apache.felix.scr.impl.manager.AbstractComponentManager.deactivateInternal(AbstractComponentManager.java:805)
	at org.apache.felix.scr.impl.manager.DependencyManager.deactivateComponentManager(DependencyManager.java:2332)
	at org.apache.felix.scr.impl.manager.DependencyManager.access$400(DependencyManager.java:56)
	at org.apache.felix.scr.impl.manager.DependencyManager$SingleStaticCustomizer.removedService(DependencyManager.java:1125)
	at org.apache.felix.scr.impl.manager.DependencyManager$SingleStaticCustomizer.removedService(DependencyManager.java:1007)
	at org.apache.felix.scr.impl.manager.ServiceTracker$Tracked.customizerRemoved(ServiceTracker.java:1242)
	at org.apache.felix.scr.impl.manager.ServiceTracker$Tracked.customizerRemoved(ServiceTracker.java:1137)
	at org.apache.felix.scr.impl.manager.ServiceTracker$AbstractTracked.untrack(ServiceTracker.java:997)
	at org.apache.felix.scr.impl.manager.ServiceTracker$Tracked.serviceChanged(ServiceTracker.java:1176)
	at org.apache.felix.scr.impl.BundleComponentActivator$ListenerInfo.serviceChanged(BundleComponentActivator.java:125)
	at org.eclipse.osgi.internal.serviceregistry.FilteredServiceListener.serviceChanged(FilteredServiceListener.java:109)
	at org.eclipse.osgi.internal.serviceregistry.ServiceRegistry.publishServiceEventPrivileged(ServiceRegistry.java:891)
	at org.eclipse.osgi.internal.serviceregistry.ServiceRegistry.publishServiceEvent(ServiceRegistry.java:804)
	at org.eclipse.osgi.internal.serviceregistry.ServiceRegistrationImpl.unregister(ServiceRegistrationImpl.java:222)
	at com.liferay.portal.bootstrap.ModuleFrameworkImpl._unregisterApplicationContext(ModuleFrameworkImpl.java:2050)
	at com.liferay.portal.bootstrap.ModuleFrameworkImpl.unregisterContext(ModuleFrameworkImpl.java:568)
	at com.liferay.portal.module.framework.ModuleFrameworkUtilAdapter.unregisterContext(ModuleFrameworkUtilAdapter.java:130)
	at com.liferay.portal.spring.context.PortalContextLoaderListener.contextDestroyed(PortalContextLoaderListener.java:127)
	at org.apache.catalina.core.StandardContext.listenerStop(StandardContext.java:4762)
	at org.apache.catalina.core.StandardContext.stopInternal(StandardContext.java:5433)
	at org.apache.catalina.util.LifecycleBase.stop(LifecycleBase.java:257)
	at org.apache.catalina.core.ContainerBase$StopChild.call(ContainerBase.java:1400)
	at org.apache.catalina.core.ContainerBase$StopChild.call(ContainerBase.java:1389)
	at java.util.concurrent.FutureTask.run(FutureTask.java:266)
	at org.apache.tomcat.util.threads.InlineExecutorService.execute(InlineExecutorService.java:75)
	at java.util.concurrent.AbstractExecutorService.submit(AbstractExecutorService.java:134)
	at org.apache.catalina.core.ContainerBase.stopInternal(ContainerBase.java:976)
	at org.apache.catalina.util.LifecycleBase.stop(LifecycleBase.java:257)
	at org.apache.catalina.core.ContainerBase$StopChild.call(ContainerBase.java:1400)
	at org.apache.catalina.core.ContainerBase$StopChild.call(ContainerBase.java:1389)
	at java.util.concurrent.FutureTask.run(FutureTask.java:266)
	at org.apache.tomcat.util.threads.InlineExecutorService.execute(InlineExecutorService.java:75)
	at java.util.concurrent.AbstractExecutorService.submit(AbstractExecutorService.java:134)
	at org.apache.catalina.core.ContainerBase.stopInternal(ContainerBase.java:976)
	at org.apache.catalina.util.LifecycleBase.stop(LifecycleBase.java:257)
	at org.apache.catalina.core.StandardService.stopInternal(StandardService.java:498)
	at org.apache.catalina.util.LifecycleBase.stop(LifecycleBase.java:257)
	at org.apache.catalina.core.StandardServer.stopInternal(StandardServer.java:982)
	at org.apache.catalina.util.LifecycleBase.stop(LifecycleBase.java:257)
	at org.apache.catalina.startup.Catalina.stop(Catalina.java:849)
	at org.apache.catalina.startup.Catalina$CatalinaShutdownHook.run(Catalina.java:996)
Caused by: com.liferay.portal.kernel.dao.orm.ORMException: org.hibernate.exception.JDBCConnectionException: could not execute query
	at com.liferay.portal.dao.orm.hibernate.ExceptionTranslator.translate(ExceptionTranslator.java:39)
	at com.liferay.portal.dao.orm.hibernate.QueryImpl.list(QueryImpl.java:124)
	at com.liferay.portal.dao.orm.hibernate.QueryImpl.list(QueryImpl.java:99)
	at com.liferay.change.tracking.service.persistence.impl.CTPreferencesPersistenceImpl.fetchByC_U(CTPreferencesPersistenceImpl.java:1226)
	... 179 more
Caused by: org.hibernate.exception.JDBCConnectionException: could not execute query
	at org.hibernate.exception.SQLStateConverter.convert(SQLStateConverter.java:99)
	at org.hibernate.exception.JDBCExceptionHelper.convert(JDBCExceptionHelper.java:66)
	at org.hibernate.loader.Loader.doList(Loader.java:2545)
	at org.hibernate.loader.Loader.listIgnoreQueryCache(Loader.java:2276)
	at org.hibernate.loader.Loader.list(Loader.java:2271)
	at org.hibernate.hql.classic.QueryTranslatorImpl.list(QueryTranslatorImpl.java:940)
	at org.hibernate.engine.query.HQLQueryPlan.performList(HQLQueryPlan.java:196)
	at org.hibernate.impl.SessionImpl.list(SessionImpl.java:1268)
	at org.hibernate.impl.QueryImpl.list(QueryImpl.java:102)
	at com.liferay.portal.dao.orm.hibernate.QueryImpl.list(QueryImpl.java:112)
	... 181 more
Caused by: java.sql.SQLNonTransientConnectionException: connection exception: closed
	at org.hsqldb.jdbc.JDBCUtil.sqlException(JDBCUtil.java:318)
	at org.hsqldb.jdbc.JDBCUtil.sqlException(JDBCUtil.java:247)
	at org.hsqldb.jdbc.JDBCPreparedStatement.<init>(JDBCPreparedStatement.java:3888)
	at org.hsqldb.jdbc.JDBCConnection.prepareStatement(JDBCConnection.java:641)
	at com.zaxxer.hikari.pool.ProxyConnection.prepareStatement(ProxyConnection.java:312)
	at com.zaxxer.hikari.pool.HikariProxyConnection.prepareStatement(HikariProxyConnection.java)
	at sun.reflect.GeneratedMethodAccessor146.invoke(Unknown Source)
	at sun.reflect.DelegatingMethodAccessorImpl.invoke(DelegatingMethodAccessorImpl.java:43)
	at java.lang.reflect.Method.invoke(Method.java:498)
	at org.springframework.jdbc.datasource.LazyConnectionDataSourceProxy$LazyConnectionInvocationHandler.invoke(LazyConnectionDataSourceProxy.java:385)
	at com.sun.proxy.$Proxy9.prepareStatement(Unknown Source)
	at org.hibernate.jdbc.AbstractBatcher.getPreparedStatement(AbstractBatcher.java:534)
	at org.hibernate.jdbc.AbstractBatcher.getPreparedStatement(AbstractBatcher.java:452)
	at org.hibernate.jdbc.AbstractBatcher.prepareQueryStatement(AbstractBatcher.java:161)
	at org.hibernate.loader.Loader.prepareQueryStatement(Loader.java:1700)
	at org.hibernate.loader.Loader.doQuery(Loader.java:801)
	at org.hibernate.loader.Loader.doQueryAndInitializeNonLazyCollections(Loader.java:274)
	at org.hibernate.loader.Loader.doList(Loader.java:2542)
	... 188 more
Caused by: org.hsqldb.HsqlException: connection exception: closed
	at org.hsqldb.error.Error.error(Error.java:136)
	at org.hsqldb.error.Error.error(Error.java:106)
	at org.hsqldb.Session.execute(Session.java:959)
	at org.hsqldb.jdbc.JDBCPreparedStatement.<init>(JDBCPreparedStatement.java:3885)
	... 203 more
